2026-05-22 21:09:48, MOVE, v:1, k:ed@editor, mode:PICK
2026-05-22 22:04:46, MOVE, v:1, k:ed@editor, mode:PICK
2026-05-22 22:04:49, EXEC, v:1, k:ed@editor, mode:FULL, rate:0, size:150
2026-05-22 22:05:13, EXEC, v:1, k:ed@editor, mode:FULL, rate:100, size:151
2026-05-22 22:05:41, MOVE, v:1, k:ed@editor, mode:BACK
2026-05-22 22:06:07, SELF, v:1, k:ed@editor, self:1, rate:100, study:240, refactor:1
2026-05-22 22:05:12, MOVE, v:1, k:ed@editor, mode:EDIT
2026-05-22 22:05:11, MOVE, v:1, k:ed@editor, mode:EDIT
2026-05-22 22:09:20, MOVE, v:1, k:ed@editor, mode:EDIT
2026-05-22 22:11:08, MOVE, v:1, k:ed@wordsearch, mode:DOWN
2026-05-22 22:11:10, MOVE, v:1, k:ed@editor, mode:PICK
2026-05-22 22:11:19, MOVE, v:1, k:ed@wordsearch, mode:EDIT
2026-05-22 22:11:08, MOVE, v:1, k:ed@wordsearch, mode:EDIT
2026-05-22 22:11:19, MOVE, v:1, k:ed@wordsearch, mode:EDIT
2026-05-22 22:11:19, MOVE, v:1, k:ed@wordsearch, mode:EDIT
2026-05-22 22:20:19, EXEC, v:1, k:ed@editor, mode:FULL, rate:25, size:62
2026-05-22 22:20:18, MOVE, v:1, k:ed@wordsearch, mode:EDIT
2026-05-22 22:22:51, MOVE, v:1, k:sandbox@user_002, mode:EDIT
2026-05-22 22:22:51, MOVE, v:1, k:ed@editorint, mode:EDIT
2026-05-22 22:22:51, MOVE, v:1, k:ed@eh_primo, mode:EDIT
2026-05-22 22:22:51, MOVE, v:1, k:sandbox@user_001, mode:EDIT
2026-05-22 22:22:51, MOVE, v:1, k:ed@baruel, mode:EDIT
2026-05-22 22:22:51, MOVE, v:1, k:ed@casais, mode:EDIT
2026-05-22 22:22:51, MOVE, v:1, k:ed@apagando, mode:EDIT
2026-05-22 22:22:51, MOVE, v:1, k:ed@especiais, mode:EDIT
2026-05-22 22:22:51, MOVE, v:1, k:ed@gomos, mode:EDIT
2026-05-22 22:22:51, MOVE, v:1, k:ed@fib1, mode:EDIT
2026-05-22 22:22:51, MOVE, v:1, k:ed@fractais_png, mode:EDIT
2026-05-22 22:22:51, MOVE, v:1, k:ed@fuga, mode:EDIT
2026-05-22 22:22:51, MOVE, v:1, k:ed@labirinto, mode:EDIT
2026-05-22 22:22:51, MOVE, v:1, k:ed@lista_d4, mode:EDIT
2026-05-22 22:22:51, MOVE, v:1, k:ed@lista_d1, mode:EDIT
2026-05-22 22:22:51, MOVE, v:1, k:ed@lista_d2, mode:EDIT
2026-05-22 22:22:51, MOVE, v:1, k:ed@magicsearch, mode:EDIT
2026-05-22 22:22:51, MOVE, v:1, k:ed@manipulacao, mode:EDIT
2026-05-22 22:22:51, MOVE, v:1, k:ed@lista_d2, mode:EDIT
2026-05-22 22:22:51, MOVE, v:1, k:ed@quadrado, mode:EDIT
2026-05-22 22:22:51, MOVE, v:1, k:ed@pintando, mode:EDIT
2026-05-22 22:22:51, MOVE, v:1, k:ed@pedra, mode:EDIT
2026-05-22 22:22:51, MOVE, v:1, k:ed@mdc, mode:EDIT
2026-05-22 22:22:51, MOVE, v:1, k:ed@mumia, mode:EDIT
2026-05-22 22:22:51, MOVE, v:1, k:ed@princesa, mode:EDIT
2026-05-22 22:22:51, MOVE, v:1, k:ed@prin_list1, mode:EDIT
2026-05-22 22:22:51, MOVE, v:1, k:ed@prin_list1, mode:EDIT
2026-05-22 22:22:51, MOVE, v:1, k:ed@queimada, mode:EDIT
2026-05-22 22:22:51, MOVE, v:1, k:ed@setbuild, mode:EDIT
2026-05-22 22:22:51, MOVE, v:1, k:ed@resto, mode:EDIT
2026-05-22 22:22:51, MOVE, v:1, k:ed@triangulo, mode:EDIT
2026-05-22 22:22:51, MOVE, v:1, k:ed@vetbuild, mode:EDIT
2026-05-22 22:22:51, MOVE, v:1, k:ed@treinando, mode:EDIT
2026-05-22 22:22:51, MOVE, v:1, k:ed@vetequals, mode:EDIT
2026-05-22 22:38:55, MOVE, v:1, k:ed@wordsearch, mode:EDIT
2026-05-22 22:42:28, MOVE, v:1, k:ed@wordsearch, mode:EDIT
2026-05-22 22:46:44, MOVE, v:1, k:ed@wordsearch, mode:EDIT
2026-05-22 22:53:07, MOVE, v:1, k:ed@wordsearch, mode:EDIT
2026-05-22 22:59:02, MOVE, v:1, k:ed@wordsearch, mode:EDIT
2026-05-22 22:57:25, MOVE, v:1, k:ed@editor, mode:EDIT
2026-05-22 22:59:02, MOVE, v:1, k:ed@editor, mode:EDIT
2026-05-22 23:03:33, MOVE, v:1, k:ed@wordsearch, mode:EDIT
