2026-06-01 09:45:12, MOVE, v:1, k:ed@subset_sum, mode:PICK
2026-06-01 09:45:14, EXEC, v:1, k:ed@subset_sum, mode:FULL, rate:100
2026-06-01 09:45:17, MOVE, v:1, k:ed@subset_sum, mode:BACK
2026-06-01 09:45:25, SELF, v:1, k:ed@subset_sum, self:1, rate:100, study:120
2026-06-01 09:45:26, MOVE, v:1, k:ed@distancia, mode:PICK
2026-06-01 09:45:27, EXEC, v:1, k:ed@distancia, mode:FULL, size:108, fail:COMP
2026-06-01 09:45:28, EXEC, v:1, k:ed@distancia, mode:FULL, fail:COMP
2026-06-01 09:46:00, MOVE, v:1, k:ed@distancia, mode:BACK
2026-06-01 09:46:01, MOVE, v:1, k:ed@distancia, mode:DOWN
2026-06-01 09:46:03, MOVE, v:1, k:ed@distancia, mode:PICK
2026-06-01 09:46:19, EXEC, v:1, k:ed@distancia, mode:FULL, rate:0, size:6
2026-06-01 09:48:00, EXEC, v:1, k:ed@distancia, mode:FULL, rate:0, size:15
2026-06-01 09:48:12, EXEC, v:1, k:ed@distancia, mode:FULL, rate:0, size:15
2026-06-01 09:48:22, EXEC, v:1, k:ed@distancia, mode:FULL, rate:0, size:15
2026-06-01 09:45:12, MOVE, v:1, k:ed@subset_sum, mode:EDIT
2026-06-01 09:45:12, MOVE, v:1, k:ed@subset_sum, mode:EDIT
2026-06-01 09:45:13, MOVE, v:1, k:ed@subset_sum, mode:EDIT
2026-06-01 09:46:01, MOVE, v:1, k:ed@distancia, mode:EDIT
2026-06-01 09:46:05, MOVE, v:1, k:ed@distancia, mode:EDIT
2026-06-01 09:45:37, MOVE, v:1, k:ed@wordsearch, mode:EDIT
2026-06-01 09:45:39, MOVE, v:1, k:ed@rotten, mode:EDIT
2026-06-01 09:49:24, MOVE, v:1, k:ed@distancia, mode:EDIT
2026-06-01 09:48:21, MOVE, v:1, k:ed@distancia, mode:EDIT
2026-06-01 09:51:08, EXEC, v:1, k:ed@distancia, mode:FULL, rate:0, size:19
2026-06-01 09:52:28, MOVE, v:1, k:ed@distancia, mode:EDIT
2026-06-01 09:51:07, MOVE, v:1, k:ed@distancia, mode:EDIT
2026-06-01 10:03:38, MOVE, v:1, k:ed@distancia, mode:EDIT
2026-06-01 10:07:29, EXEC, v:1, k:ed@distancia, mode:FULL, size:45, fail:COMP
2026-06-01 10:09:28, MOVE, v:1, k:ed@distancia, mode:EDIT
2026-06-01 10:09:34, MOVE, v:1, k:ed@distancia, mode:BACK
2026-06-01 10:09:35, MOVE, v:1, k:ed@distancia, mode:PICK
2026-06-01 10:09:36, EXEC, v:1, k:ed@distancia, mode:FULL, size:45, fail:COMP
2026-06-01 10:09:43, EXEC, v:1, k:ed@distancia, mode:FULL, rate:0, size:45
2026-06-01 10:09:57, EXEC, v:1, k:ed@distancia, mode:FULL, rate:0, size:45
2026-06-01 10:10:25, EXEC, v:1, k:ed@distancia, mode:FULL, rate:0
2026-06-01 10:14:28, MOVE, v:1, k:ed@distancia, mode:EDIT
2026-06-01 10:10:24, MOVE, v:1, k:ed@distancia, mode:EDIT
2026-06-01 10:19:03, MOVE, v:1, k:ed@distancia, mode:EDIT
2026-06-01 10:24:26, MOVE, v:1, k:ed@distancia, mode:EDIT
2026-06-01 10:29:16, MOVE, v:1, k:ed@distancia, mode:EDIT
2026-06-01 10:33:48, MOVE, v:1, k:ed@distancia, mode:EDIT
2026-06-01 10:37:41, MOVE, v:1, k:ed@distancia, mode:EDIT
2026-06-01 10:42:49, EXEC, v:1, k:ed@distancia, mode:FULL, rate:0, size:109
2026-06-01 10:43:28, EXEC, v:1, k:ed@distancia, mode:FULL, rate:0, size:111
2026-06-01 10:44:05, EXEC, v:1, k:ed@distancia, mode:FULL, rate:0, size:109
2026-06-01 10:44:15, EXEC, v:1, k:ed@distancia, mode:FULL, rate:0, size:108
2026-06-01 10:44:11, MOVE, v:1, k:ed@distancia, mode:EDIT
2026-06-01 10:44:14, MOVE, v:1, k:ed@distancia, mode:EDIT
2026-06-01 10:43:51, MOVE, v:1, k:ed@wordsearch, mode:EDIT
2026-06-01 10:44:39, MOVE, v:1, k:sandbox@user_001, mode:EDIT
2026-06-01 10:44:39, MOVE, v:1, k:ed@apagando, mode:EDIT
2026-06-01 10:44:39, MOVE, v:1, k:sandbox@user_002, mode:EDIT
2026-06-01 10:44:39, MOVE, v:1, k:ed@editorint, mode:EDIT
2026-06-01 10:44:39, MOVE, v:1, k:ed@casais, mode:EDIT
2026-06-01 10:44:39, MOVE, v:1, k:ed@cercado, mode:EDIT
2026-06-01 10:44:39, MOVE, v:1, k:ed@baruel, mode:EDIT
2026-06-01 10:44:39, MOVE, v:1, k:ed@battleship, mode:EDIT
2026-06-01 10:44:39, MOVE, v:1, k:ed@escapeSpread, mode:EDIT
2026-06-01 10:44:39, MOVE, v:1, k:ed@editor, mode:EDIT
2026-06-01 10:44:39, MOVE, v:1, k:ed@eh_primo, mode:EDIT
2026-06-01 10:44:39, MOVE, v:1, k:ed@editor, mode:EDIT
2026-06-01 10:44:39, MOVE, v:1, k:ed@editor, mode:EDIT
2026-06-01 10:44:39, MOVE, v:1, k:ed@fractais_png, mode:EDIT
2026-06-01 10:44:39, MOVE, v:1, k:ed@gomos, mode:EDIT
2026-06-01 10:44:39, MOVE, v:1, k:ed@fuga, mode:EDIT
2026-06-01 10:44:39, MOVE, v:1, k:ed@especiais, mode:EDIT
2026-06-01 10:44:39, MOVE, v:1, k:ed@fib1, mode:EDIT
2026-06-01 10:44:39, MOVE, v:1, k:ed@ilhas, mode:EDIT
2026-06-01 10:44:39, MOVE, v:1, k:ed@labirinto, mode:EDIT
2026-06-01 10:44:39, MOVE, v:1, k:ed@lista_d1, mode:EDIT
2026-06-01 10:44:39, MOVE, v:1, k:ed@lista_d4, mode:EDIT
2026-06-01 10:44:39, MOVE, v:1, k:ed@lista_d2, mode:EDIT
2026-06-01 10:44:39, MOVE, v:1, k:ed@lista_d2, mode:EDIT
2026-06-01 10:44:39, MOVE, v:1, k:ed@pintando, mode:EDIT
2026-06-01 10:44:39, MOVE, v:1, k:ed@mumia, mode:EDIT
2026-06-01 10:44:39, MOVE, v:1, k:ed@mdc, mode:EDIT
2026-06-01 10:44:39, MOVE, v:1, k:ed@manipulacao, mode:EDIT
2026-06-01 10:44:39, MOVE, v:1, k:ed@pedra, mode:EDIT
2026-06-01 10:44:39, MOVE, v:1, k:ed@longest, mode:EDIT
2026-06-01 10:44:39, MOVE, v:1, k:ed@princesa, mode:EDIT
2026-06-01 10:44:39, MOVE, v:1, k:ed@pintura, mode:EDIT
2026-06-01 10:44:39, MOVE, v:1, k:ed@magicsearch, mode:EDIT
2026-06-01 10:44:39, MOVE, v:1, k:ed@quadrado, mode:EDIT
2026-06-01 10:44:39, MOVE, v:1, k:ed@setbuild, mode:EDIT
2026-06-01 10:44:39, MOVE, v:1, k:ed@prin_list1, mode:EDIT
2026-06-01 10:44:39, MOVE, v:1, k:ed@queimada, mode:EDIT
2026-06-01 10:44:39, MOVE, v:1, k:ed@resto, mode:EDIT
2026-06-01 10:44:39, MOVE, v:1, k:ed@prin_list1, mode:EDIT
2026-06-01 10:44:39, MOVE, v:1, k:ed@rotten, mode:EDIT
2026-06-01 10:44:39, MOVE, v:1, k:ed@subset_sum, mode:EDIT
2026-06-01 10:44:39, MOVE, v:1, k:ed@treinando, mode:EDIT
2026-06-01 10:44:39, MOVE, v:1, k:ed@triangulo, mode:EDIT
2026-06-01 10:44:39, MOVE, v:1, k:ed@vetbuild, mode:EDIT
2026-06-01 10:44:39, MOVE, v:1, k:ed@wordsearch, mode:EDIT
2026-06-01 10:44:39, MOVE, v:1, k:ed@vetequals, mode:EDIT
2026-06-01 10:47:20, MOVE, v:1, k:ed@distancia, mode:EDIT
2026-06-01 10:47:20, MOVE, v:1, k:ed@distancia, mode:EDIT
2026-06-01 10:49:22, MOVE, v:1, k:ed@distancia, mode:EDIT
2026-06-01 10:53:38, MOVE, v:1, k:ed@distancia, mode:EDIT
2026-06-01 10:55:54, EXEC, v:1, k:ed@distancia, mode:FULL, rate:0, size:117
2026-06-01 10:59:11, EXEC, v:1, k:ed@distancia, mode:FULL, rate:0, size:126
2026-06-01 10:58:52, MOVE, v:1, k:ed@distancia, mode:EDIT
2026-06-01 10:59:10, MOVE, v:1, k:ed@distancia, mode:EDIT
2026-06-01 11:00:39, EXEC, v:1, k:ed@distancia, mode:FULL, rate:0, size:127
2026-06-01 11:01:13, EXEC, v:1, k:ed@distancia, mode:FULL, rate:0, size:127
2026-06-01 11:01:14, EXEC, v:1, k:ed@distancia, mode:FULL, rate:0
2026-06-01 11:04:14, EXEC, v:1, k:ed@distancia, mode:FULL, rate:0, size:127
2026-06-01 11:04:05, MOVE, v:1, k:ed@distancia, mode:EDIT
2026-06-01 11:04:13, MOVE, v:1, k:ed@distancia, mode:EDIT
2026-06-01 11:07:58, EXEC, v:1, k:ed@distancia, mode:FULL, rate:0, size:127
2026-06-01 11:08:00, EXEC, v:1, k:ed@distancia, mode:FULL, rate:0
2026-06-01 11:09:09, EXEC, v:1, k:ed@distancia, mode:FULL, rate:0, size:128
2026-06-01 11:09:24, EXEC, v:1, k:ed@distancia, mode:FULL, rate:0, size:129
2026-06-01 11:09:22, MOVE, v:1, k:ed@distancia, mode:EDIT
2026-06-01 11:09:24, MOVE, v:1, k:ed@distancia, mode:EDIT
2026-06-01 11:11:57, EXEC, v:1, k:ed@distancia, mode:FULL, size:127, fail:COMP
2026-06-01 11:12:30, EXEC, v:1, k:ed@distancia, mode:FULL, rate:0, size:126
2026-06-01 11:13:48, EXEC, v:1, k:ed@distancia, mode:FULL, rate:100, size:125
2026-06-01 11:13:50, MOVE, v:1, k:ed@distancia, mode:BACK
2026-06-01 11:13:46, MOVE, v:1, k:ed@distancia, mode:EDIT
2026-06-01 11:13:47, MOVE, v:1, k:ed@distancia, mode:EDIT
2026-06-01 11:15:24, MOVE, v:1, k:ed@subset_sum, mode:PICK
2026-06-01 11:15:26, EXEC, v:1, k:ed@subset_sum, mode:FULL, rate:100
2026-06-01 11:15:27, MOVE, v:1, k:ed@subset_sum, mode:BACK
2026-06-01 11:15:28, MOVE, v:1, k:ed@distancia, mode:PICK
2026-06-01 11:15:29, EXEC, v:1, k:ed@distancia, mode:FULL, size:125, fail:COMP
2026-06-01 11:16:13, EXEC, v:1, k:ed@distancia, mode:FULL, rate:100, size:123
2026-06-01 11:16:46, EXEC, v:1, k:ed@distancia, mode:FULL, rate:100, size:121
2026-06-01 11:16:47, MOVE, v:1, k:ed@distancia, mode:BACK
2026-06-01 11:17:03, SELF, v:1, k:ed@distancia, self:1, rate:100, study:180, concept:1
2026-06-01 15:48:03, MOVE, v:1, k:ed@dfs_read, mode:DOWN
2026-06-01 15:48:07, MOVE, v:1, k:ed@dfs_read, mode:PICK
2026-06-01 15:48:09, EXEC, v:1, k:ed@dfs_read, mode:LOCK, rate:0, size:5
2026-06-01 15:48:24, MOVE, v:1, k:ed@dfs_read, mode:BACK
2026-06-01 15:52:01, MOVE, v:1, k:sandbox@user_003, mode:PICK
2026-06-01 15:48:12, MOVE, v:1, k:ed@dfs_read, mode:EDIT
2026-06-01 15:48:11, MOVE, v:1, k:ed@dfs_read, mode:EDIT
2026-06-01 15:48:08, MOVE, v:1, k:ed@dfs_read, mode:EDIT
2026-06-01 15:52:03, MOVE, v:1, k:sandbox@user_003, mode:EDIT
2026-06-01 15:52:03, MOVE, v:1, k:sandbox@user_003, mode:EDIT
2026-06-01 15:52:24, MOVE, v:1, k:sandbox@user_003, mode:EDIT
2026-06-01 15:52:36, MOVE, v:1, k:sandbox@user_003, mode:EDIT
2026-06-01 15:57:50, MOVE, v:1, k:sandbox@user_003, mode:EDIT
2026-06-01 16:00:01, MOVE, v:1, k:sandbox@user_003, mode:EDIT
2026-06-01 16:01:09, MOVE, v:1, k:sandbox@user_003, mode:EDIT
2026-06-01 16:02:47, MOVE, v:1, k:sandbox@user_003, mode:EDIT
2026-06-01 16:07:51, MOVE, v:1, k:sandbox@user_003, mode:EDIT
2026-06-01 16:09:11, MOVE, v:1, k:sandbox@user_003, mode:BACK
2026-06-01 16:09:25, MOVE, v:1, k:ed@lista_d4, mode:PICK
2026-06-01 16:12:06, EXEC, v:1, k:ed@lista_d4, mode:FULL, rate:100
2026-06-01 16:12:10, MOVE, v:1, k:ed@lista_d4, mode:BACK
2026-06-01 16:12:24, MOVE, v:1, k:ed@lista_d3, mode:DOWN
2026-06-01 16:12:25, MOVE, v:1, k:ed@lista_d3, mode:PICK
2026-06-01 16:08:46, MOVE, v:1, k:sandbox@user_003, mode:EDIT
2026-06-01 16:09:25, MOVE, v:1, k:ed@lista_d4, mode:EDIT
2026-06-01 16:09:25, MOVE, v:1, k:ed@lista_d4, mode:EDIT
2026-06-01 16:12:05, MOVE, v:1, k:ed@lista_d4, mode:EDIT
2026-06-01 16:12:27, MOVE, v:1, k:ed@lista_d3, mode:EDIT
2026-06-01 16:12:24, MOVE, v:1, k:ed@lista_d3, mode:EDIT
2026-06-01 16:12:28, MOVE, v:1, k:ed@lista_d3, mode:EDIT
2026-06-01 16:15:19, MOVE, v:1, k:ed@lista_d3, mode:BACK
2026-06-01 16:15:47, MOVE, v:1, k:ed@editor, mode:PICK
2026-06-01 16:15:50, EXEC, v:1, k:ed@editor, mode:FULL, rate:100
2026-06-01 16:15:52, MOVE, v:1, k:ed@editor, mode:BACK
2026-06-01 16:17:01, MOVE, v:1, k:ed@lista_d3, mode:PICK
2026-06-01 16:17:20, MOVE, v:1, k:ed@lista_d3, mode:EDIT
2026-06-01 16:15:47, MOVE, v:1, k:ed@editor, mode:EDIT
2026-06-01 16:15:47, MOVE, v:1, k:ed@editor, mode:EDIT
2026-06-01 16:15:49, MOVE, v:1, k:ed@editor, mode:EDIT
2026-06-01 16:22:52, MOVE, v:1, k:ed@lista_d3, mode:EDIT
2026-06-01 16:23:13, MOVE, v:1, k:ed@lista_d3, mode:BACK
2026-06-01 16:23:26, MOVE, v:1, k:ed@serial, mode:DOWN
2026-06-01 16:23:27, MOVE, v:1, k:ed@serial, mode:PICK
2026-06-01 16:23:03, MOVE, v:1, k:ed@lista_d3, mode:EDIT
2026-06-01 16:23:09, MOVE, v:1, k:ed@lista_d4, mode:EDIT
2026-06-01 16:23:29, MOVE, v:1, k:ed@serial, mode:EDIT
2026-06-01 16:23:26, MOVE, v:1, k:ed@serial, mode:EDIT
2026-06-01 16:23:29, MOVE, v:1, k:ed@serial, mode:EDIT
2026-06-01 16:30:34, MOVE, v:1, k:ed@serial, mode:EDIT
2026-06-01 16:36:53, EXEC, v:1, k:ed@serial, mode:FULL, rate:0, size:69
2026-06-01 16:36:21, MOVE, v:1, k:ed@serial, mode:EDIT
2026-06-01 16:36:52, MOVE, v:1, k:ed@serial, mode:EDIT
2026-06-01 16:45:28, MOVE, v:1, k:ed@serial, mode:EDIT
2026-06-01 16:47:56, MOVE, v:1, k:ed@distancia, mode:EDIT
2026-06-01 16:47:56, MOVE, v:1, k:ed@distancia, mode:EDIT
2026-06-01 16:47:56, MOVE, v:1, k:ed@wordsearch, mode:EDIT
2026-06-01 16:52:46, MOVE, v:1, k:ed@serial, mode:EDIT
2026-06-01 16:49:46, MOVE, v:1, k:ed@apagando, mode:EDIT
2026-06-01 16:49:46, MOVE, v:1, k:ed@casais, mode:EDIT
2026-06-01 16:49:46, MOVE, v:1, k:ed@baruel, mode:EDIT
2026-06-01 16:49:46, MOVE, v:1, k:sandbox@user_001, mode:EDIT
2026-06-01 16:49:46, MOVE, v:1, k:ed@battleship, mode:EDIT
2026-06-01 16:49:46, MOVE, v:1, k:sandbox@user_002, mode:EDIT
2026-06-01 16:49:46, MOVE, v:1, k:ed@dfs_read, mode:EDIT
2026-06-01 16:49:46, MOVE, v:1, k:ed@editorint, mode:EDIT
2026-06-01 16:49:46, MOVE, v:1, k:ed@eh_primo, mode:EDIT
2026-06-01 16:49:46, MOVE, v:1, k:ed@cercado, mode:EDIT
2026-06-01 16:49:46, MOVE, v:1, k:ed@distancia, mode:EDIT
2026-06-01 16:49:46, MOVE, v:1, k:ed@editor, mode:EDIT
2026-06-01 16:49:46, MOVE, v:1, k:ed@especiais, mode:EDIT
2026-06-01 16:49:46, MOVE, v:1, k:ed@editor, mode:EDIT
2026-06-01 16:49:46, MOVE, v:1, k:ed@editor, mode:EDIT
2026-06-01 16:49:46, MOVE, v:1, k:ed@escapeSpread, mode:EDIT
2026-06-01 16:49:46, MOVE, v:1, k:ed@fractais_png, mode:EDIT
2026-06-01 16:49:46, MOVE, v:1, k:ed@labirinto, mode:EDIT
2026-06-01 16:49:46, MOVE, v:1, k:ed@fuga, mode:EDIT
2026-06-01 16:49:46, MOVE, v:1, k:ed@fib1, mode:EDIT
2026-06-01 16:49:46, MOVE, v:1, k:ed@ilhas, mode:EDIT
2026-06-01 16:49:46, MOVE, v:1, k:ed@gomos, mode:EDIT
2026-06-01 16:49:46, MOVE, v:1, k:ed@lista_d4, mode:EDIT
2026-06-01 16:49:46, MOVE, v:1, k:ed@lista_d1, mode:EDIT
2026-06-01 16:49:46, MOVE, v:1, k:ed@lista_d2, mode:EDIT
2026-06-01 16:49:46, MOVE, v:1, k:ed@lista_d2, mode:EDIT
2026-06-01 16:49:46, MOVE, v:1, k:ed@pedra, mode:EDIT
2026-06-01 16:49:46, MOVE, v:1, k:ed@magicsearch, mode:EDIT
2026-06-01 16:49:46, MOVE, v:1, k:ed@manipulacao, mode:EDIT
2026-06-01 16:49:46, MOVE, v:1, k:ed@mdc, mode:EDIT
2026-06-01 16:49:46, MOVE, v:1, k:ed@longest, mode:EDIT
2026-06-01 16:49:46, MOVE, v:1, k:ed@princesa, mode:EDIT
2026-06-01 16:49:46, MOVE, v:1, k:ed@mumia, mode:EDIT
2026-06-01 16:49:46, MOVE, v:1, k:ed@pintando, mode:EDIT
2026-06-01 16:49:46, MOVE, v:1, k:ed@pintura, mode:EDIT
2026-06-01 16:49:46, MOVE, v:1, k:ed@quadrado, mode:EDIT
2026-06-01 16:49:46, MOVE, v:1, k:ed@queimada, mode:EDIT
2026-06-01 16:49:46, MOVE, v:1, k:ed@resto, mode:EDIT
2026-06-01 16:49:46, MOVE, v:1, k:ed@prin_list1, mode:EDIT
2026-06-01 16:49:46, MOVE, v:1, k:ed@prin_list1, mode:EDIT
2026-06-01 16:49:46, MOVE, v:1, k:ed@rotten, mode:EDIT
2026-06-01 16:49:46, MOVE, v:1, k:ed@triangulo, mode:EDIT
2026-06-01 16:49:46, MOVE, v:1, k:ed@subset_sum, mode:EDIT
2026-06-01 16:49:46, MOVE, v:1, k:ed@vetequals, mode:EDIT
2026-06-01 16:49:46, MOVE, v:1, k:ed@vetbuild, mode:EDIT
2026-06-01 16:49:46, MOVE, v:1, k:ed@setbuild, mode:EDIT
2026-06-01 16:49:46, MOVE, v:1, k:ed@treinando, mode:EDIT
2026-06-01 16:49:46, MOVE, v:1, k:ed@wordsearch, mode:EDIT
2026-06-01 16:53:02, EXEC, v:1, k:ed@serial, mode:FULL, rate:14, size:85
2026-06-01 16:53:54, EXEC, v:1, k:ed@serial, mode:FULL, rate:14
2026-06-01 16:56:51, EXEC, v:1, k:ed@serial, mode:FULL, rate:14, size:85
2026-06-01 16:57:00, MOVE, v:1, k:ed@serial, mode:EDIT
2026-06-01 16:56:50, MOVE, v:1, k:ed@serial, mode:EDIT
2026-06-01 16:57:58, MOVE, v:1, k:ed@serial, mode:BACK
2026-06-01 16:58:13, MOVE, v:1, k:ed@serial, mode:PICK
2026-06-01 16:58:17, EXEC, v:1, k:ed@serial, mode:FULL, rate:14, size:85
2026-06-01 17:00:15, EXEC, v:1, k:ed@serial, mode:FULL, rate:14, size:85
