2026-06-04 13:17:45, MOVE, v:1, k:sandbox@user_004, mode:PICK
2026-06-04 13:20:10, EXEC, v:1, k:sandbox@user_004, mode:FREE, size:16
2026-06-04 13:21:48, MOVE, v:1, k:sandbox@user_004, mode:EDIT
2026-06-04 13:17:55, MOVE, v:1, k:sandbox@user_004, mode:EDIT
2026-06-04 13:20:11, MOVE, v:1, k:sandbox@user_004, mode:EDIT
2026-06-04 13:26:13, MOVE, v:1, k:sandbox@user_004, mode:PICK
2026-06-04 13:26:19, EXEC, v:1, k:sandbox@user_004, mode:FREE, size:25
2026-06-04 13:26:54, MOVE, v:1, k:sandbox@user_004, mode:EDIT
2026-06-04 13:33:35, MOVE, v:1, k:sandbox@user_004, mode:EDIT
2026-06-04 13:46:21, MOVE, v:1, k:sandbox@user_004, mode:EDIT
2026-06-04 13:48:33, MOVE, v:1, k:sandbox@user_004, mode:EDIT
2026-06-04 13:50:21, MOVE, v:1, k:sandbox@user_004, mode:EDIT
2026-06-04 13:50:55, MOVE, v:1, k:sandbox@user_004, mode:EDIT
2026-06-04 14:19:21, MOVE, v:1, k:sandbox@user_004, mode:EDIT
2026-06-04 14:18:24, MOVE, v:1, k:ed@distancia, mode:EDIT
2026-06-04 14:18:24, MOVE, v:1, k:ed@distancia, mode:EDIT
2026-06-04 14:18:24, MOVE, v:1, k:ed@wordsearch, mode:EDIT
2026-06-04 14:19:03, MOVE, v:1, k:ed@apagando, mode:EDIT
2026-06-04 14:19:03, MOVE, v:1, k:sandbox@user_003, mode:EDIT
2026-06-04 14:19:03, MOVE, v:1, k:ed@baruel, mode:EDIT
2026-06-04 14:19:03, MOVE, v:1, k:sandbox@user_001, mode:EDIT
2026-06-04 14:19:03, MOVE, v:1, k:ed@dfs_read, mode:EDIT
2026-06-04 14:19:03, MOVE, v:1, k:sandbox@user_002, mode:EDIT
2026-06-04 14:19:03, MOVE, v:1, k:ed@distancia, mode:EDIT
2026-06-04 14:19:03, MOVE, v:1, k:ed@casais, mode:EDIT
2026-06-04 14:19:03, MOVE, v:1, k:ed@cercado, mode:EDIT
2026-06-04 14:19:03, MOVE, v:1, k:ed@battleship, mode:EDIT
2026-06-04 14:19:03, MOVE, v:1, k:ed@editor, mode:EDIT
2026-06-04 14:19:03, MOVE, v:1, k:ed@editorint, mode:EDIT
2026-06-04 14:19:03, MOVE, v:1, k:ed@eh_primo, mode:EDIT
2026-06-04 14:19:03, MOVE, v:1, k:ed@editor, mode:EDIT
2026-06-04 14:19:03, MOVE, v:1, k:ed@fib1, mode:EDIT
2026-06-04 14:19:03, MOVE, v:1, k:ed@fractais_png, mode:EDIT
2026-06-04 14:19:03, MOVE, v:1, k:ed@fuga, mode:EDIT
2026-06-04 14:19:03, MOVE, v:1, k:ed@escapeSpread, mode:EDIT
2026-06-04 14:19:03, MOVE, v:1, k:ed@gomos, mode:EDIT
2026-06-04 14:19:03, MOVE, v:1, k:ed@formatada, mode:EDIT
2026-06-04 14:19:03, MOVE, v:1, k:ed@especiais, mode:EDIT
2026-06-04 14:19:03, MOVE, v:1, k:ed@editor, mode:EDIT
2026-06-04 14:19:03, MOVE, v:1, k:ed@inverter, mode:EDIT
2026-06-04 14:19:03, MOVE, v:1, k:ed@ilhas, mode:EDIT
2026-06-04 14:19:03, MOVE, v:1, k:ed@lista_d1, mode:EDIT
2026-06-04 14:19:03, MOVE, v:1, k:ed@labirinto, mode:EDIT
2026-06-04 14:19:03, MOVE, v:1, k:ed@lista_d3, mode:EDIT
2026-06-04 14:19:03, MOVE, v:1, k:ed@lista_d2, mode:EDIT
2026-06-04 14:19:03, MOVE, v:1, k:ed@magicsearch, mode:EDIT
2026-06-04 14:19:03, MOVE, v:1, k:ed@mdc, mode:EDIT
2026-06-04 14:19:03, MOVE, v:1, k:ed@longest, mode:EDIT
2026-06-04 14:19:03, MOVE, v:1, k:ed@manipulacao, mode:EDIT
2026-06-04 14:19:03, MOVE, v:1, k:ed@mumia, mode:EDIT
2026-06-04 14:19:03, MOVE, v:1, k:ed@lista_d4, mode:EDIT
2026-06-04 14:19:03, MOVE, v:1, k:ed@pintando, mode:EDIT
2026-06-04 14:19:03, MOVE, v:1, k:ed@lista_d2, mode:EDIT
2026-06-04 14:19:03, MOVE, v:1, k:ed@pedra, mode:EDIT
2026-06-04 14:19:03, MOVE, v:1, k:ed@pintura, mode:EDIT
2026-06-04 14:19:03, MOVE, v:1, k:ed@resto, mode:EDIT
2026-06-04 14:19:03, MOVE, v:1, k:ed@quadrado, mode:EDIT
2026-06-04 14:19:03, MOVE, v:1, k:ed@prin_list1, mode:EDIT
2026-06-04 14:19:03, MOVE, v:1, k:ed@queimada, mode:EDIT
2026-06-04 14:19:03, MOVE, v:1, k:ed@serial, mode:EDIT
2026-06-04 14:19:03, MOVE, v:1, k:ed@princesa, mode:EDIT
2026-06-04 14:19:03, MOVE, v:1, k:ed@rotten, mode:EDIT
2026-06-04 14:19:03, MOVE, v:1, k:ed@setbuild, mode:EDIT
2026-06-04 14:19:03, MOVE, v:1, k:ed@prin_list1, mode:EDIT
2026-06-04 14:19:03, MOVE, v:1, k:ed@triangulo, mode:EDIT
2026-06-04 14:19:03, MOVE, v:1, k:ed@wordsearch, mode:EDIT
2026-06-04 14:19:03, MOVE, v:1, k:ed@subset_sum, mode:EDIT
2026-06-04 14:19:03, MOVE, v:1, k:ed@treinando, mode:EDIT
2026-06-04 14:19:03, MOVE, v:1, k:ed@vetbuild, mode:EDIT
2026-06-04 14:19:03, MOVE, v:1, k:ed@vetequals, mode:EDIT
