2026-06-29 14:51:30, MOVE, v:1, k:ed@bufferring, mode:PICK
2026-06-29 14:51:34, EXEC, v:1, k:ed@bufferring, mode:FULL, rate:0, size:150
2026-06-29 14:52:13, EXEC, v:1, k:ed@bufferring, mode:FULL, rate:0, size:149
2026-06-29 14:53:08, EXEC, v:1, k:ed@bufferring, mode:FULL, rate:0, size:149
2026-06-29 14:55:07, EXEC, v:1, k:ed@bufferring, mode:FULL, rate:0, size:147
2026-06-29 14:55:45, EXEC, v:1, k:ed@bufferring, mode:FULL, rate:0, size:148
2026-06-29 14:51:30, MOVE, v:1, k:ed@bufferring, mode:EDIT
2026-06-29 14:55:44, MOVE, v:1, k:ed@bufferring, mode:EDIT
2026-06-29 14:55:40, MOVE, v:1, k:ed@bufferring, mode:EDIT
2026-06-29 14:56:14, EXEC, v:1, k:ed@bufferring, mode:FULL, rate:0, size:148
2026-06-29 14:56:35, EXEC, v:1, k:ed@bufferring, mode:FULL, rate:0, size:147
2026-06-29 14:56:46, EXEC, v:1, k:ed@bufferring, mode:FULL, rate:16, size:146
2026-06-29 14:59:39, EXEC, v:1, k:ed@bufferring, mode:FULL, rate:0, size:148
2026-06-29 15:00:07, EXEC, v:1, k:ed@bufferring, mode:FULL, rate:16, size:148
2026-06-29 15:00:55, EXEC, v:1, k:ed@bufferring, mode:FULL, rate:16, size:148
2026-06-29 15:00:53, MOVE, v:1, k:ed@bufferring, mode:EDIT
2026-06-29 15:00:55, MOVE, v:1, k:ed@bufferring, mode:EDIT
2026-06-29 15:01:49, EXEC, v:1, k:ed@bufferring, mode:FULL, rate:16, size:149
2026-06-29 15:02:30, EXEC, v:1, k:ed@bufferring, mode:FULL, rate:16, size:150
2026-06-29 15:04:42, EXEC, v:1, k:ed@bufferring, mode:FULL, rate:16, size:148
2026-06-29 15:05:49, EXEC, v:1, k:ed@bufferring, mode:FULL, rate:16, size:148
2026-06-29 15:05:52, MOVE, v:1, k:ed@bufferring, mode:EDIT
2026-06-29 15:05:48, MOVE, v:1, k:ed@bufferring, mode:EDIT
2026-06-29 15:06:47, EXEC, v:1, k:ed@bufferring, mode:FULL, rate:16, size:148
2026-06-29 15:10:37, MOVE, v:1, k:ed@bufferring, mode:EDIT
2026-06-29 15:11:04, MOVE, v:1, k:ed@bufferring, mode:EDIT
2026-06-29 15:11:05, EXEC, v:1, k:ed@bufferring, mode:FULL, rate:16, size:149
2026-06-29 15:11:05, MOVE, v:1, k:ed@bufferring, mode:BACK
2026-06-29 15:11:06, MOVE, v:1, k:ed@bufferring, mode:PICK
2026-06-29 15:11:08, EXEC, v:1, k:ed@bufferring, mode:FULL, rate:16
2026-06-29 15:13:48, EXEC, v:1, k:ed@bufferring, mode:FULL, rate:16, size:152
2026-06-29 15:14:00, EXEC, v:1, k:ed@bufferring, mode:FULL, rate:16, size:151
2026-06-29 15:13:59, MOVE, v:1, k:ed@bufferring, mode:EDIT
2026-06-29 15:13:58, MOVE, v:1, k:ed@bufferring, mode:EDIT
2026-06-29 15:21:44, EXEC, v:1, k:ed@bufferring, mode:FULL, rate:16, size:151
2026-06-29 15:22:52, EXEC, v:1, k:ed@bufferring, mode:FULL, rate:16, size:152
2026-06-29 15:25:29, EXEC, v:1, k:ed@bufferring, mode:FULL, rate:16, size:153
2026-06-29 15:25:38, EXEC, v:1, k:ed@bufferring, mode:FULL, rate:16, size:153
2026-06-29 15:25:36, MOVE, v:1, k:ed@bufferring, mode:EDIT
2026-06-29 15:25:38, MOVE, v:1, k:ed@bufferring, mode:EDIT
2026-06-29 15:28:06, EXEC, v:1, k:ed@bufferring, mode:FULL, rate:16, size:153
2026-06-29 15:28:18, EXEC, v:1, k:ed@bufferring, mode:FULL, rate:16, size:153
2026-06-29 15:29:44, EXEC, v:1, k:ed@bufferring, mode:FULL, rate:16, size:152
2026-06-29 15:29:53, EXEC, v:1, k:ed@bufferring, mode:FULL, rate:16, size:152
2026-06-29 15:30:04, EXEC, v:1, k:ed@bufferring, mode:FULL, rate:16, size:152
2026-06-29 15:30:03, MOVE, v:1, k:ed@bufferring, mode:EDIT
2026-06-29 15:30:04, MOVE, v:1, k:ed@bufferring, mode:EDIT
2026-06-29 15:31:17, EXEC, v:1, k:ed@bufferring, mode:FULL, rate:16, size:153
2026-06-29 15:31:32, EXEC, v:1, k:ed@bufferring, mode:FULL, rate:33, size:152
2026-06-29 15:33:32, MOVE, v:1, k:ed@bufferring, mode:EDIT
2026-06-29 15:31:31, MOVE, v:1, k:ed@bufferring, mode:EDIT
2026-06-29 15:38:44, EXEC, v:1, k:ed@bufferring, mode:FULL, rate:33, size:149
2026-06-29 15:38:54, EXEC, v:1, k:ed@bufferring, mode:FULL, rate:33, size:149
2026-06-29 15:39:31, EXEC, v:1, k:ed@bufferring, mode:FULL, rate:33, size:151
2026-06-29 15:39:54, EXEC, v:1, k:ed@bufferring, mode:FULL, rate:33, size:151
2026-06-29 15:41:05, MOVE, v:1, k:ed@bufferring, mode:EDIT
2026-06-29 15:39:54, MOVE, v:1, k:ed@bufferring, mode:EDIT
2026-06-29 15:44:35, EXEC, v:1, k:ed@bufferring, mode:FULL, rate:33, size:154
2026-06-29 15:45:28, EXEC, v:1, k:ed@bufferring, mode:FULL, rate:33, size:154
2026-06-29 15:45:27, MOVE, v:1, k:ed@bufferring, mode:EDIT
2026-06-29 15:45:28, MOVE, v:1, k:ed@bufferring, mode:EDIT
2026-06-29 15:46:22, EXEC, v:1, k:ed@bufferring, mode:FULL, rate:33, size:154
2026-06-29 15:48:05, EXEC, v:1, k:ed@bufferring, mode:FULL, rate:33, size:154
2026-06-29 15:49:49, EXEC, v:1, k:ed@bufferring, mode:FULL, rate:33, size:154
2026-06-29 15:49:48, MOVE, v:1, k:ed@bufferring, mode:EDIT
2026-06-29 15:49:49, MOVE, v:1, k:ed@bufferring, mode:EDIT
2026-06-29 15:54:02, MOVE, v:1, k:ed@bufferring, mode:EDIT
2026-06-29 15:53:15, MOVE, v:1, k:sandbox@user_004, mode:EDIT
2026-06-29 15:53:15, MOVE, v:1, k:ed@baruel, mode:EDIT
2026-06-29 15:53:15, MOVE, v:1, k:sandbox@user_002, mode:EDIT
2026-06-29 15:53:15, MOVE, v:1, k:sandbox@user_001, mode:EDIT
2026-06-29 15:53:15, MOVE, v:1, k:sandbox@user_003, mode:EDIT
2026-06-29 15:53:15, MOVE, v:1, k:ed@battleship, mode:EDIT
2026-06-29 15:53:15, MOVE, v:1, k:ed@apagando, mode:EDIT
2026-06-29 15:53:15, MOVE, v:1, k:ed@editorint, mode:EDIT
2026-06-29 15:53:15, MOVE, v:1, k:ed@dfs_read, mode:EDIT
2026-06-29 15:53:15, MOVE, v:1, k:ed@bettersearch, mode:EDIT
2026-06-29 15:53:15, MOVE, v:1, k:ed@casais, mode:EDIT
2026-06-29 15:53:15, MOVE, v:1, k:ed@distancia, mode:EDIT
2026-06-29 15:53:15, MOVE, v:1, k:ed@cercado, mode:EDIT
2026-06-29 15:53:15, MOVE, v:1, k:ed@eh_primo, mode:EDIT
2026-06-29 15:53:15, MOVE, v:1, k:ed@editor, mode:EDIT
2026-06-29 15:53:15, MOVE, v:1, k:ed@editor, mode:EDIT
2026-06-29 15:53:15, MOVE, v:1, k:ed@gomos, mode:EDIT
2026-06-29 15:53:15, MOVE, v:1, k:ed@fib1, mode:EDIT
2026-06-29 15:53:15, MOVE, v:1, k:ed@editor, mode:EDIT
2026-06-29 15:53:15, MOVE, v:1, k:ed@especiais, mode:EDIT
2026-06-29 15:53:15, MOVE, v:1, k:ed@escapeSpread, mode:EDIT
2026-06-29 15:53:15, MOVE, v:1, k:ed@fractais_png, mode:EDIT
2026-06-29 15:53:15, MOVE, v:1, k:ed@fuga, mode:EDIT
2026-06-29 15:53:15, MOVE, v:1, k:ed@formatada, mode:EDIT
2026-06-29 15:53:15, MOVE, v:1, k:ed@ilhas, mode:EDIT
2026-06-29 15:53:15, MOVE, v:1, k:ed@iterador, mode:EDIT
2026-06-29 15:53:15, MOVE, v:1, k:ed@inverter, mode:EDIT
2026-06-29 15:53:15, MOVE, v:1, k:ed@magicsearch, mode:EDIT
2026-06-29 15:53:15, MOVE, v:1, k:ed@lista_d2, mode:EDIT
2026-06-29 15:53:15, MOVE, v:1, k:ed@lista_d3, mode:EDIT
2026-06-29 15:53:15, MOVE, v:1, k:ed@manipulacao, mode:EDIT
2026-06-29 15:53:15, MOVE, v:1, k:ed@lista_d1, mode:EDIT
2026-06-29 15:53:15, MOVE, v:1, k:ed@labirinto, mode:EDIT
2026-06-29 15:53:15, MOVE, v:1, k:ed@longest, mode:EDIT
2026-06-29 15:53:15, MOVE, v:1, k:ed@lista_d2, mode:EDIT
2026-06-29 15:53:15, MOVE, v:1, k:ed@lista_d4, mode:EDIT
2026-06-29 15:53:15, MOVE, v:1, k:ed@pedra, mode:EDIT
2026-06-29 15:53:15, MOVE, v:1, k:ed@mumia, mode:EDIT
2026-06-29 15:53:15, MOVE, v:1, k:ed@mdc, mode:EDIT
2026-06-29 15:53:15, MOVE, v:1, k:ed@pintando, mode:EDIT
2026-06-29 15:53:15, MOVE, v:1, k:ed@prin_list2, mode:EDIT
2026-06-29 15:53:15, MOVE, v:1, k:ed@princesa, mode:EDIT
2026-06-29 15:53:15, MOVE, v:1, k:ed@pintura, mode:EDIT
2026-06-29 15:53:15, MOVE, v:1, k:ed@prin_list1, mode:EDIT
2026-06-29 15:53:15, MOVE, v:1, k:ed@prin_list1, mode:EDIT
2026-06-29 15:53:15, MOVE, v:1, k:ed@serial, mode:EDIT
2026-06-29 15:53:15, MOVE, v:1, k:ed@queimada, mode:EDIT
2026-06-29 15:53:15, MOVE, v:1, k:ed@resto, mode:EDIT
2026-06-29 15:53:15, MOVE, v:1, k:ed@quadrado, mode:EDIT
2026-06-29 15:53:15, MOVE, v:1, k:ed@setbuild, mode:EDIT
2026-06-29 15:53:15, MOVE, v:1, k:ed@rotten, mode:EDIT
2026-06-29 15:53:15, MOVE, v:1, k:ed@wordsearch, mode:EDIT
2026-06-29 15:53:15, MOVE, v:1, k:ed@vetbuild, mode:EDIT
2026-06-29 15:53:15, MOVE, v:1, k:ed@triangulo, mode:EDIT
2026-06-29 15:53:15, MOVE, v:1, k:ed@wordsearch, mode:EDIT
2026-06-29 15:53:15, MOVE, v:1, k:ed@vetequals, mode:EDIT
2026-06-29 15:53:15, MOVE, v:1, k:ed@subset_sum, mode:EDIT
2026-06-29 15:53:15, MOVE, v:1, k:ed@treinando, mode:EDIT
2026-06-29 15:59:39, EXEC, v:1, k:ed@bufferring, mode:FULL, rate:33, size:154
2026-06-29 15:59:24, MOVE, v:1, k:ed@bufferring, mode:EDIT
2026-06-29 15:59:37, MOVE, v:1, k:ed@bufferring, mode:EDIT
2026-06-29 15:59:38, MOVE, v:1, k:ed@bufferring, mode:EDIT
2026-06-29 16:03:56, MOVE, v:1, k:ed@bufferring, mode:EDIT
2026-06-29 16:09:08, EXEC, v:1, k:ed@bufferring, mode:FULL, rate:33, size:154
2026-06-29 16:09:24, EXEC, v:1, k:ed@bufferring, mode:FULL, rate:33, size:154
2026-06-29 16:10:08, EXEC, v:1, k:ed@bufferring, mode:FULL, rate:33, size:154
2026-06-29 18:10:27, MOVE, v:1, k:ed@setbuild, mode:PICK
2026-06-29 18:10:53, MOVE, v:1, k:ed@setbuild, mode:BACK
2026-06-29 18:10:56, MOVE, v:1, k:ed@vetbuild, mode:PICK
2026-06-29 18:11:19, MOVE, v:1, k:ed@vetbuild, mode:BACK
2026-06-29 18:11:25, MOVE, v:1, k:ed@bufferring, mode:PICK
2026-06-29 18:13:20, EXEC, v:1, k:ed@bufferring, mode:FULL, rate:33, size:150
2026-06-29 18:10:01, MOVE, v:1, k:ed@editorint, mode:EDIT
2026-06-29 18:10:01, MOVE, v:1, k:ed@fractais_png, mode:EDIT
2026-06-29 18:10:27, MOVE, v:1, k:ed@setbuild, mode:EDIT
2026-06-29 18:10:56, MOVE, v:1, k:ed@vetbuild, mode:EDIT
2026-06-29 18:11:25, MOVE, v:1, k:ed@bufferring, mode:EDIT
2026-06-29 18:13:18, MOVE, v:1, k:ed@bufferring, mode:EDIT
2026-06-29 18:13:20, MOVE, v:1, k:ed@bufferring, mode:EDIT
2026-06-29 18:17:17, EXEC, v:1, k:ed@bufferring, mode:FULL, rate:33, size:154
2026-06-29 18:17:11, MOVE, v:1, k:ed@bufferring, mode:EDIT
2026-06-29 18:17:17, MOVE, v:1, k:ed@bufferring, mode:EDIT
2026-06-29 18:20:27, EXEC, v:1, k:ed@bufferring, mode:FULL, rate:33, size:155
2026-06-29 18:20:59, EXEC, v:1, k:ed@bufferring, mode:FULL, rate:33, size:154
2026-06-29 18:22:30, EXEC, v:1, k:ed@bufferring, mode:FULL, rate:33, size:154
2026-06-29 18:22:50, EXEC, v:1, k:ed@bufferring, mode:FULL, rate:50, size:155
2026-06-29 18:23:45, EXEC, v:1, k:ed@bufferring, mode:FULL, rate:50, size:158
2026-06-29 18:23:56, EXEC, v:1, k:ed@bufferring, mode:FULL, rate:50, size:159
2026-06-29 18:23:54, MOVE, v:1, k:ed@bufferring, mode:EDIT
2026-06-29 18:23:55, MOVE, v:1, k:ed@bufferring, mode:EDIT
2026-06-29 18:26:14, EXEC, v:1, k:ed@bufferring, mode:FULL, rate:50
2026-06-29 18:26:39, EXEC, v:1, k:ed@bufferring, mode:FULL, rate:33, size:160
2026-06-29 18:27:22, EXEC, v:1, k:ed@bufferring, mode:FULL, rate:33, size:160
2026-06-29 18:27:32, EXEC, v:1, k:ed@bufferring, mode:FULL, rate:66, size:159
2026-06-29 18:28:10, EXEC, v:1, k:ed@bufferring, mode:FULL, rate:66, size:167
2026-06-29 18:28:18, EXEC, v:1, k:ed@bufferring, mode:FULL, size:167, fail:COMP
2026-06-29 18:28:29, EXEC, v:1, k:ed@bufferring, mode:FULL, rate:66, size:165
2026-06-29 18:28:29, MOVE, v:1, k:ed@bufferring, mode:EDIT
2026-06-29 18:28:28, MOVE, v:1, k:ed@bufferring, mode:EDIT
2026-06-29 18:31:04, EXEC, v:1, k:ed@bufferring, mode:FREE, size:164
2026-06-29 18:34:28, EXEC, v:1, k:ed@bufferring, mode:FULL, rate:83, size:165
2026-06-29 18:34:46, MOVE, v:1, k:ed@bufferring, mode:EDIT
2026-06-29 18:34:28, MOVE, v:1, k:ed@bufferring, mode:EDIT
2026-06-29 18:35:55, EXEC, v:1, k:ed@bufferring, mode:FULL, rate:83, size:170
2026-06-29 18:37:35, EXEC, v:1, k:ed@bufferring, mode:FULL, rate:83, size:176
2026-06-29 18:38:04, EXEC, v:1, k:ed@bufferring, mode:FULL, rate:83, size:176
2026-06-29 18:38:53, EXEC, v:1, k:ed@bufferring, mode:FULL, rate:83, size:176
2026-06-29 18:39:13, MOVE, v:1, k:ed@bufferring, mode:EDIT
2026-06-29 18:38:52, MOVE, v:1, k:ed@bufferring, mode:EDIT
2026-06-29 18:43:37, EXEC, v:1, k:ed@bufferring, mode:FULL, rate:83, size:177
2026-06-29 18:44:05, EXEC, v:1, k:ed@bufferring, mode:FREE
2026-06-29 18:43:35, MOVE, v:1, k:ed@bufferring, mode:EDIT
2026-06-29 18:44:05, MOVE, v:1, k:ed@bufferring, mode:EDIT
2026-06-29 18:46:09, EXEC, v:1, k:ed@bufferring, mode:FULL, rate:100, size:177
2026-06-29 18:46:15, EXEC, v:1, k:ed@bufferring, mode:FREE
2026-06-29 18:47:06, EXEC, v:1, k:ed@bufferring, mode:FULL, rate:100
2026-06-29 18:47:25, SELF, v:1, k:ed@bufferring, self:1, rate:100, study:90, concept:1
2026-06-29 18:47:26, MOVE, v:1, k:ed@bufferring, mode:BACK
2026-06-29 18:47:38, MOVE, v:1, k:ed@fila_enc, mode:DOWN
2026-06-29 18:47:39, MOVE, v:1, k:ed@fila_enc, mode:PICK
2026-06-29 18:46:04, MOVE, v:1, k:ed@bufferring, mode:EDIT
2026-06-29 18:47:05, MOVE, v:1, k:ed@bufferring, mode:EDIT
2026-06-29 18:47:38, MOVE, v:1, k:ed@fila_enc, mode:EDIT
2026-06-29 18:47:40, MOVE, v:1, k:ed@fila_enc, mode:EDIT
2026-06-29 18:51:53, EXEC, v:1, k:ed@fila_enc, mode:FULL, rate:0, size:86
2026-06-29 18:52:13, EXEC, v:1, k:ed@fila_enc, mode:FULL, rate:0, size:87
2026-06-29 18:52:53, EXEC, v:1, k:ed@fila_enc, mode:FULL, rate:0, size:88
2026-06-29 18:52:52, MOVE, v:1, k:ed@fila_enc, mode:EDIT
2026-06-29 18:52:53, MOVE, v:1, k:ed@fila_enc, mode:EDIT
2026-06-29 18:57:01, EXEC, v:1, k:ed@fila_enc, mode:FULL, rate:0, size:89
2026-06-29 18:58:42, EXEC, v:1, k:ed@fila_enc, mode:FULL, rate:0, size:89
2026-06-29 18:58:31, MOVE, v:1, k:ed@fila_enc, mode:EDIT
2026-06-29 18:58:42, MOVE, v:1, k:ed@fila_enc, mode:EDIT
2026-06-29 19:04:40, MOVE, v:1, k:ed@fila_enc, mode:EDIT
2026-06-29 19:05:22, EXEC, v:1, k:ed@fila_enc, mode:FULL, rate:0, size:92
2026-06-29 19:09:43, MOVE, v:1, k:ed@fila_enc, mode:EDIT
2026-06-29 19:08:25, MOVE, v:1, k:ed@fila_enc, mode:EDIT
2026-06-29 19:12:44, MOVE, v:1, k:ed@fila_enc, mode:PICK
2026-06-29 19:12:45, EXEC, v:1, k:ed@fila_enc, mode:FREE, size:113
2026-06-29 19:13:21, MOVE, v:1, k:ed@fila_enc, mode:PICK
2026-06-29 19:13:22, EXEC, v:1, k:ed@fila_enc, mode:FREE, size:113
2026-06-29 19:17:28, MOVE, v:1, k:ed@fila_enc, mode:EDIT
2026-06-29 19:17:24, MOVE, v:1, k:ed@fila_enc, mode:EDIT
2026-06-29 19:26:01, MOVE, v:1, k:ed@fila_enc, mode:PICK
2026-06-29 19:26:03, EXEC, v:1, k:ed@fila_enc, mode:FULL, rate:0, size:114
2026-06-29 19:30:20, EXEC, v:1, k:ed@fila_enc, mode:FULL, rate:0, size:114
2026-06-29 19:30:20, MOVE, v:1, k:ed@fila_enc, mode:EDIT
2026-06-29 19:30:04, MOVE, v:1, k:ed@fila_enc, mode:EDIT
2026-06-29 19:31:49, EXEC, v:1, k:ed@fila_enc, mode:FULL, rate:0, size:112
2026-06-29 19:31:54, MOVE, v:1, k:ed@fila_enc, mode:EDIT
2026-06-29 19:31:48, MOVE, v:1, k:ed@fila_enc, mode:EDIT
2026-06-29 19:51:08, MOVE, v:1, k:ed@fila_enc, mode:EDIT
2026-06-29 19:57:44, EXEC, v:1, k:ed@fila_enc, mode:FULL, rate:0, size:111
2026-06-29 19:57:59, EXEC, v:1, k:ed@fila_enc, mode:FULL, rate:0, size:111
2026-06-29 19:58:42, EXEC, v:1, k:ed@fila_enc, mode:FULL, rate:0, size:111
2026-06-29 19:58:59, EXEC, v:1, k:ed@fila_enc, mode:FULL, rate:0, size:111
2026-06-29 20:00:17, MOVE, v:1, k:ed@fila_enc, mode:EDIT
2026-06-29 19:57:43, MOVE, v:1, k:ed@fila_enc, mode:EDIT
2026-06-29 19:58:59, MOVE, v:1, k:ed@fila_enc, mode:EDIT
2026-06-29 19:58:18, MOVE, v:1, k:ed@bufferring, mode:EDIT
2026-06-29 20:01:43, EXEC, v:1, k:ed@fila_enc, mode:FULL, rate:0, size:119
2026-06-29 20:02:03, EXEC, v:1, k:ed@fila_enc, mode:FULL, rate:0, size:120
2026-06-29 20:04:26, MOVE, v:1, k:ed@fila_enc, mode:PICK
2026-06-29 20:04:27, EXEC, v:1, k:ed@fila_enc, mode:FULL, rate:0, size:120
2026-06-29 20:05:02, EXEC, v:1, k:ed@fila_enc, mode:FULL, rate:0, size:120
2026-06-29 20:05:45, EXEC, v:1, k:ed@fila_enc, mode:FULL, rate:0, size:120
2026-06-29 20:06:01, EXEC, v:1, k:ed@fila_enc, mode:FREE
2026-06-29 20:07:02, MOVE, v:1, k:ed@fila_enc, mode:PICK
2026-06-29 20:07:03, EXEC, v:1, k:ed@fila_enc, mode:FULL, rate:0, size:120
2026-06-29 20:07:46, EXEC, v:1, k:ed@fila_enc, mode:FULL, rate:0, size:123
2026-06-29 20:08:52, MOVE, v:1, k:ed@fila_enc, mode:PICK
2026-06-29 20:09:06, MOVE, v:1, k:ed@fila_enc, mode:PICK
2026-06-29 20:09:08, EXEC, v:1, k:ed@fila_enc, mode:FULL, rate:0, size:123
2026-06-29 20:10:43, MOVE, v:1, k:ed@fila_enc, mode:PICK
2026-06-29 20:10:44, EXEC, v:1, k:ed@fila_enc, mode:FULL, rate:33, size:125
2026-06-29 20:13:11, EXEC, v:1, k:ed@fila_enc, mode:FULL, rate:33, size:125
2026-06-29 20:13:34, EXEC, v:1, k:ed@fila_enc, mode:FULL, rate:33, size:126
2026-06-29 20:14:01, MOVE, v:1, k:ed@fila_enc, mode:PICK
2026-06-29 20:14:08, EXEC, v:1, k:ed@fila_enc, mode:FULL, rate:66, size:125
2026-06-29 20:15:05, EXEC, v:1, k:ed@fila_enc, mode:FREE, size:124
2026-06-29 20:16:05, EXEC, v:1, k:ed@fila_enc, mode:FULL, rate:66, size:128
2026-06-29 20:16:23, EXEC, v:1, k:ed@fila_enc, mode:FULL, rate:66, size:129
2026-06-29 20:16:57, EXEC, v:1, k:ed@fila_enc, mode:FULL, rate:100, size:130
2026-06-29 20:17:19, MOVE, v:1, k:ed@fila_enc, mode:BACK
2026-06-29 20:17:31, SELF, v:1, k:ed@fila_enc, self:1, rate:100, study:30, concept:1
2026-06-29 20:17:54, MOVE, v:1, k:ed@serial, mode:PICK
2026-06-29 20:17:55, EXEC, v:1, k:ed@serial, mode:FULL, rate:0
2026-06-29 20:17:57, MOVE, v:1, k:ed@serial, mode:BACK
2026-06-29 20:17:58, MOVE, v:1, k:ed@serial, mode:PICK
2026-06-29 20:17:59, EXEC, v:1, k:ed@serial, mode:FULL, rate:0
2026-06-29 20:18:09, MOVE, v:1, k:ed@serial, mode:BACK
2026-06-29 20:18:10, MOVE, v:1, k:ed@formatada, mode:PICK
2026-06-29 20:18:12, EXEC, v:1, k:ed@formatada, mode:FULL, rate:14
2026-06-29 20:18:18, MOVE, v:1, k:ed@formatada, mode:BACK
2026-06-29 20:18:20, MOVE, v:1, k:ed@inverter, mode:PICK
2026-06-29 20:18:20, EXEC, v:1, k:ed@inverter, mode:FULL, size:72, fail:COMP
2026-06-29 20:18:22, MOVE, v:1, k:ed@inverter, mode:BACK
