2026-05-12 13:11:24, MOVE, v:1, k:ed@vetbuild, mode:PICK
2026-05-12 13:11:26, EXEC, v:1, k:ed@vetbuild, mode:FULL, rate:9
2026-05-12 13:11:24, MOVE, v:1, k:ed@vetbuild, mode:EDIT
2026-05-12 13:11:24, MOVE, v:1, k:ed@vetbuild, mode:EDIT
2026-05-12 13:11:26, MOVE, v:1, k:ed@vetbuild, mode:EDIT
2026-05-12 13:11:33, MOVE, v:1, k:ed@editorint, mode:EDIT
2026-05-12 13:16:05, MOVE, v:1, k:ed@vetbuild, mode:EDIT
2026-05-12 13:16:18, EXEC, v:1, k:ed@vetbuild, mode:FULL, rate:9, size:163
2026-05-12 13:17:19, EXEC, v:1, k:ed@vetbuild, mode:FULL, rate:9, size:163
2026-05-12 13:17:59, EXEC, v:1, k:ed@vetbuild, mode:FULL, rate:9, size:165
2026-05-12 13:50:19, MOVE, v:1, k:ed@vetbuild, mode:PICK
2026-05-12 13:50:21, EXEC, v:1, k:ed@vetbuild, mode:FULL, rate:9
2026-05-12 13:51:03, EXEC, v:1, k:ed@vetbuild, mode:FULL, rate:9, size:165
2026-05-12 13:53:39, EXEC, v:1, k:ed@vetbuild, mode:FULL, rate:9, size:166
2026-05-12 13:54:48, EXEC, v:1, k:ed@vetbuild, mode:FULL, rate:9, size:166
2026-05-12 13:54:47, MOVE, v:1, k:ed@vetbuild, mode:EDIT
2026-05-12 13:54:45, MOVE, v:1, k:ed@vetbuild, mode:EDIT
2026-05-12 13:57:02, EXEC, v:1, k:ed@vetbuild, mode:FULL, rate:9, size:167
2026-05-12 13:57:48, MOVE, v:1, k:ed@vetbuild, mode:EDIT
2026-05-12 13:57:02, MOVE, v:1, k:ed@vetbuild, mode:EDIT
2026-05-12 14:02:34, EXEC, v:1, k:ed@vetbuild, mode:FULL, rate:9, size:169
2026-05-12 14:03:35, EXEC, v:1, k:ed@vetbuild, mode:FULL, rate:9, size:172
2026-05-12 14:03:44, EXEC, v:1, k:ed@vetbuild, mode:FULL, rate:9, size:171
2026-05-12 14:04:09, EXEC, v:1, k:ed@vetbuild, mode:FULL, rate:18, size:171
2026-05-12 14:04:03, MOVE, v:1, k:ed@vetbuild, mode:EDIT
2026-05-12 14:04:08, MOVE, v:1, k:ed@vetbuild, mode:EDIT
2026-05-12 14:07:48, EXEC, v:1, k:ed@vetbuild, mode:FULL, rate:18, size:183
2026-05-12 14:07:58, EXEC, v:1, k:ed@vetbuild, mode:FULL, rate:18
2026-05-12 14:09:29, EXEC, v:1, k:ed@vetbuild, mode:FULL, rate:18, size:183
2026-05-12 14:09:38, MOVE, v:1, k:ed@vetbuild, mode:EDIT
2026-05-12 14:09:28, MOVE, v:1, k:ed@vetbuild, mode:EDIT
2026-05-12 14:13:37, EXEC, v:1, k:ed@vetbuild, mode:FULL, rate:18, size:182
2026-05-12 14:13:34, MOVE, v:1, k:ed@vetbuild, mode:EDIT
2026-05-12 14:13:34, MOVE, v:1, k:ed@vetbuild, mode:EDIT
2026-05-12 14:13:35, MOVE, v:1, k:ed@vetbuild, mode:EDIT
2026-05-12 14:13:59, MOVE, v:1, k:ed@vetbuild, mode:EDIT
2026-05-12 14:14:16, MOVE, v:1, k:sandbox@user_001, mode:EDIT
2026-05-12 14:14:16, MOVE, v:1, k:ed@baruel, mode:EDIT
2026-05-12 14:14:16, MOVE, v:1, k:ed@apagando, mode:EDIT
2026-05-12 14:14:16, MOVE, v:1, k:ed@fractais_png, mode:EDIT
2026-05-12 14:14:16, MOVE, v:1, k:ed@editorint, mode:EDIT
2026-05-12 14:14:16, MOVE, v:1, k:ed@casais, mode:EDIT
2026-05-12 14:14:16, MOVE, v:1, k:ed@especiais, mode:EDIT
2026-05-12 14:14:16, MOVE, v:1, k:sandbox@user_002, mode:EDIT
2026-05-12 14:14:16, MOVE, v:1, k:ed@eh_primo, mode:EDIT
2026-05-12 14:14:16, MOVE, v:1, k:ed@editor, mode:EDIT
2026-05-12 14:14:16, MOVE, v:1, k:ed@fuga, mode:EDIT
2026-05-12 14:14:16, MOVE, v:1, k:ed@fib1, mode:EDIT
2026-05-12 14:14:16, MOVE, v:1, k:ed@gomos, mode:EDIT
2026-05-12 14:14:16, MOVE, v:1, k:ed@lista_d1, mode:EDIT
2026-05-12 14:14:16, MOVE, v:1, k:ed@labirinto, mode:EDIT
2026-05-12 14:14:16, MOVE, v:1, k:ed@mumia, mode:EDIT
2026-05-12 14:14:16, MOVE, v:1, k:ed@magicsearch, mode:EDIT
2026-05-12 14:14:16, MOVE, v:1, k:ed@lista_d2, mode:EDIT
2026-05-12 14:14:16, MOVE, v:1, k:ed@mdc, mode:EDIT
2026-05-12 14:14:16, MOVE, v:1, k:ed@manipulacao, mode:EDIT
2026-05-12 14:14:16, MOVE, v:1, k:ed@lista_d2, mode:EDIT
2026-05-12 14:14:16, MOVE, v:1, k:ed@princesa, mode:EDIT
2026-05-12 14:14:16, MOVE, v:1, k:ed@pedra, mode:EDIT
2026-05-12 14:14:16, MOVE, v:1, k:ed@pintando, mode:EDIT
2026-05-12 14:14:16, MOVE, v:1, k:ed@resto, mode:EDIT
2026-05-12 14:14:16, MOVE, v:1, k:ed@quadrado, mode:EDIT
2026-05-12 14:14:16, MOVE, v:1, k:ed@queimada, mode:EDIT
2026-05-12 14:14:16, MOVE, v:1, k:ed@triangulo, mode:EDIT
2026-05-12 14:14:16, MOVE, v:1, k:ed@treinando, mode:EDIT
2026-05-12 14:14:16, MOVE, v:1, k:ed@vetequals, mode:EDIT
2026-05-12 14:20:40, EXEC, v:1, k:ed@vetbuild, mode:FULL, rate:18, size:194
2026-05-12 14:22:48, EXEC, v:1, k:ed@vetbuild, mode:FULL, rate:18, size:186
2026-05-12 14:25:16, MOVE, v:1, k:ed@vetbuild, mode:EDIT
2026-05-12 14:22:47, MOVE, v:1, k:ed@vetbuild, mode:EDIT
2026-05-12 14:29:28, MOVE, v:1, k:ed@vetbuild, mode:EDIT
2026-05-12 14:34:26, EXEC, v:1, k:ed@vetbuild, mode:FULL, rate:18, size:189
2026-05-12 14:34:59, EXEC, v:1, k:ed@vetbuild, mode:FULL, rate:18, size:189
2026-05-12 14:34:56, MOVE, v:1, k:ed@vetbuild, mode:EDIT
2026-05-12 14:34:57, MOVE, v:1, k:ed@vetbuild, mode:EDIT
2026-05-12 14:36:14, MOVE, v:1, k:ed@vetbuild, mode:BACK
2026-05-12 14:36:15, MOVE, v:1, k:ed@vetbuild, mode:PICK
2026-05-12 14:36:18, EXEC, v:1, k:ed@vetbuild, mode:FULL, rate:18
2026-05-12 14:36:18, MOVE, v:1, k:ed@vetbuild, mode:BACK
2026-05-12 14:36:25, MOVE, v:1, k:ed@vetbuild, mode:PICK
2026-05-12 14:36:29, EXEC, v:1, k:ed@vetbuild, mode:FULL, rate:18
2026-05-12 14:37:37, EXEC, v:1, k:ed@vetbuild, mode:FULL, rate:18, size:187
2026-05-12 14:38:15, EXEC, v:1, k:ed@vetbuild, mode:FREE
