2026-03-17 19:36:28, MOVE, v:1, k:ed@apagando, mode:DOWN
2026-03-17 19:36:38, MOVE, v:1, k:ed@apagando, mode:PICK
2026-03-17 19:36:39, MOVE, v:1, k:ed@apagando, mode:BACK
2026-03-17 19:36:42, MOVE, v:1, k:ed@princesa, mode:PICK
2026-03-17 19:36:43, EXEC, v:1, k:ed@princesa, mode:FULL, size:29, fail:COMP
2026-03-17 19:36:45, EXEC, v:1, k:ed@princesa, mode:FULL, fail:COMP
2026-03-17 19:36:46, EXEC, v:1, k:ed@princesa, mode:FULL, fail:COMP
2026-03-17 19:36:46, EXEC, v:1, k:ed@princesa, mode:FULL, fail:COMP
2026-03-17 19:36:46, EXEC, v:1, k:ed@princesa, mode:FULL, fail:COMP
2026-03-17 19:36:46, EXEC, v:1, k:ed@princesa, mode:FULL, fail:COMP
2026-03-17 19:36:46, EXEC, v:1, k:ed@princesa, mode:FULL, fail:COMP
2026-03-17 19:36:47, EXEC, v:1, k:ed@princesa, mode:FULL, fail:COMP
2026-03-17 19:36:47, EXEC, v:1, k:ed@princesa, mode:FULL, fail:COMP
2026-03-17 19:36:47, EXEC, v:1, k:ed@princesa, mode:FULL, fail:COMP
2026-03-17 19:36:56, EXEC, v:1, k:ed@princesa, mode:FULL, fail:COMP
2026-03-17 19:36:58, EXEC, v:1, k:ed@princesa, mode:FULL, fail:COMP
2026-03-17 19:36:59, EXEC, v:1, k:ed@princesa, mode:FULL, fail:COMP
2026-03-17 19:36:59, EXEC, v:1, k:ed@princesa, mode:FULL, fail:COMP
2026-03-17 19:36:59, EXEC, v:1, k:ed@princesa, mode:FULL, fail:COMP
2026-03-17 19:36:59, EXEC, v:1, k:ed@princesa, mode:FULL, fail:COMP
2026-03-17 19:36:59, EXEC, v:1, k:ed@princesa, mode:FULL, fail:COMP
2026-03-17 19:37:00, EXEC, v:1, k:ed@princesa, mode:FULL, fail:COMP
2026-03-17 19:37:00, EXEC, v:1, k:ed@princesa, mode:FULL, fail:COMP
2026-03-17 19:37:00, EXEC, v:1, k:ed@princesa, mode:FULL, fail:COMP
2026-03-17 19:37:00, EXEC, v:1, k:ed@princesa, mode:FULL, fail:COMP
2026-03-17 19:37:00, EXEC, v:1, k:ed@princesa, mode:FULL, fail:COMP
2026-03-17 19:37:01, EXEC, v:1, k:ed@princesa, mode:FREE
2026-03-17 19:37:11, MOVE, v:1, k:ed@princesa, mode:BACK
2026-03-17 19:37:13, MOVE, v:1, k:ed@princesa, mode:PICK
2026-03-17 19:41:44, MOVE, v:1, k:ed@princesa, mode:BACK
