2026-05-14 08:29:12, MOVE, v:1, k:ed@vetbuild, mode:PICK
2026-05-14 08:29:14, EXEC, v:1, k:ed@vetbuild, mode:FULL, rate:54
2026-05-14 08:29:12, MOVE, v:1, k:ed@vetbuild, mode:EDIT
2026-05-14 08:29:12, MOVE, v:1, k:ed@vetbuild, mode:EDIT
2026-05-14 08:29:13, MOVE, v:1, k:ed@vetbuild, mode:EDIT
2026-05-14 08:32:06, MOVE, v:1, k:ed@vetbuild, mode:EDIT
2026-05-14 08:39:02, MOVE, v:1, k:ed@vetbuild, mode:EDIT
2026-05-14 08:43:34, EXEC, v:1, k:ed@vetbuild, mode:FULL, rate:54, size:219
2026-05-14 08:41:56, MOVE, v:1, k:ed@vetbuild, mode:EDIT
2026-05-14 08:43:33, MOVE, v:1, k:ed@vetbuild, mode:EDIT
2026-05-14 09:09:01, MOVE, v:1, k:ed@vetbuild, mode:EDIT
2026-05-14 09:13:15, EXEC, v:1, k:ed@vetbuild, mode:FULL, rate:54, size:222
2026-05-14 09:12:58, MOVE, v:1, k:ed@vetbuild, mode:EDIT
2026-05-14 09:13:15, MOVE, v:1, k:ed@vetbuild, mode:EDIT
2026-05-14 09:16:57, EXEC, v:1, k:ed@vetbuild, mode:FULL, rate:54, size:223
2026-05-14 09:16:12, MOVE, v:1, k:ed@vetbuild, mode:EDIT
2026-05-14 09:16:56, MOVE, v:1, k:ed@vetbuild, mode:EDIT
2026-05-14 09:19:17, EXEC, v:1, k:ed@vetbuild, mode:FREE
2026-05-14 09:19:43, EXEC, v:1, k:ed@vetbuild, mode:FREE
2026-05-14 09:23:20, EXEC, v:1, k:ed@vetbuild, mode:FULL, rate:9, size:223
2026-05-14 09:23:30, EXEC, v:1, k:ed@vetbuild, mode:FULL, rate:54, size:223
2026-05-14 09:23:42, EXEC, v:1, k:ed@vetbuild, mode:FULL, rate:54, size:227
2026-05-14 09:23:41, MOVE, v:1, k:ed@vetbuild, mode:EDIT
2026-05-14 09:24:06, MOVE, v:1, k:ed@vetbuild, mode:EDIT
2026-05-14 09:24:08, EXEC, v:1, k:ed@vetbuild, mode:FULL, rate:54, size:227
2026-05-14 09:24:25, EXEC, v:1, k:ed@vetbuild, mode:FULL, rate:72, size:230
2026-05-14 09:26:35, EXEC, v:1, k:ed@vetbuild, mode:FREE, size:229
2026-05-14 09:26:36, MOVE, v:1, k:ed@vetbuild, mode:EDIT
2026-05-14 09:26:34, MOVE, v:1, k:ed@vetbuild, mode:EDIT
2026-05-14 09:33:04, EXEC, v:1, k:ed@vetbuild, mode:FULL, rate:72, size:240
2026-05-14 09:33:53, EXEC, v:1, k:ed@vetbuild, mode:FULL, rate:72, size:240
2026-05-14 09:33:49, MOVE, v:1, k:ed@vetbuild, mode:EDIT
2026-05-14 09:30:05, MOVE, v:1, k:sandbox@user_002, mode:EDIT
2026-05-14 09:30:05, MOVE, v:1, k:ed@baruel, mode:EDIT
2026-05-14 09:30:05, MOVE, v:1, k:sandbox@user_001, mode:EDIT
2026-05-14 09:30:05, MOVE, v:1, k:ed@apagando, mode:EDIT
2026-05-14 09:30:05, MOVE, v:1, k:ed@editorint, mode:EDIT
2026-05-14 09:30:05, MOVE, v:1, k:ed@casais, mode:EDIT
2026-05-14 09:30:05, MOVE, v:1, k:ed@fractais_png, mode:EDIT
2026-05-14 09:30:05, MOVE, v:1, k:ed@fib1, mode:EDIT
2026-05-14 09:30:05, MOVE, v:1, k:ed@eh_primo, mode:EDIT
2026-05-14 09:30:05, MOVE, v:1, k:ed@editor, mode:EDIT
2026-05-14 09:30:05, MOVE, v:1, k:ed@especiais, mode:EDIT
2026-05-14 09:30:05, MOVE, v:1, k:ed@labirinto, mode:EDIT
2026-05-14 09:30:05, MOVE, v:1, k:ed@gomos, mode:EDIT
2026-05-14 09:30:05, MOVE, v:1, k:ed@fuga, mode:EDIT
2026-05-14 09:30:05, MOVE, v:1, k:ed@manipulacao, mode:EDIT
2026-05-14 09:30:05, MOVE, v:1, k:ed@magicsearch, mode:EDIT
2026-05-14 09:30:05, MOVE, v:1, k:ed@pintando, mode:EDIT
2026-05-14 09:30:05, MOVE, v:1, k:ed@lista_d2, mode:EDIT
2026-05-14 09:30:05, MOVE, v:1, k:ed@mumia, mode:EDIT
2026-05-14 09:30:05, MOVE, v:1, k:ed@lista_d1, mode:EDIT
2026-05-14 09:30:05, MOVE, v:1, k:ed@pedra, mode:EDIT
2026-05-14 09:30:05, MOVE, v:1, k:ed@mdc, mode:EDIT
2026-05-14 09:30:05, MOVE, v:1, k:ed@lista_d2, mode:EDIT
2026-05-14 09:30:05, MOVE, v:1, k:ed@princesa, mode:EDIT
2026-05-14 09:30:05, MOVE, v:1, k:ed@vetequals, mode:EDIT
2026-05-14 09:30:05, MOVE, v:1, k:ed@resto, mode:EDIT
2026-05-14 09:30:05, MOVE, v:1, k:ed@treinando, mode:EDIT
2026-05-14 09:30:05, MOVE, v:1, k:ed@triangulo, mode:EDIT
2026-05-14 09:30:05, MOVE, v:1, k:ed@queimada, mode:EDIT
2026-05-14 09:30:05, MOVE, v:1, k:ed@quadrado, mode:EDIT
2026-05-14 09:33:03, MOVE, v:1, k:ed@vetbuild, mode:EDIT
2026-05-14 09:33:03, MOVE, v:1, k:ed@vetbuild, mode:EDIT
2026-05-14 09:33:52, MOVE, v:1, k:ed@vetbuild, mode:EDIT
2026-05-14 09:37:04, EXEC, v:1, k:ed@vetbuild, mode:FULL, rate:72, size:240
2026-05-14 09:37:51, EXEC, v:1, k:ed@vetbuild, mode:FULL, rate:72, size:240
2026-05-14 09:38:01, EXEC, v:1, k:ed@vetbuild, mode:FULL, rate:72, size:240
2026-05-14 09:38:43, EXEC, v:1, k:ed@vetbuild, mode:FULL, rate:72, size:240
2026-05-14 09:38:42, MOVE, v:1, k:ed@vetbuild, mode:EDIT
2026-05-14 09:38:43, MOVE, v:1, k:ed@vetbuild, mode:EDIT
2026-05-14 09:39:41, EXEC, v:1, k:ed@vetbuild, mode:FULL, rate:81, size:240
2026-05-14 09:44:06, MOVE, v:1, k:ed@vetbuild, mode:EDIT
2026-05-14 09:39:40, MOVE, v:1, k:ed@vetbuild, mode:EDIT
2026-05-14 09:45:05, EXEC, v:1, k:ed@vetbuild, mode:FULL, rate:81, size:263
2026-05-14 09:45:53, EXEC, v:1, k:ed@vetbuild, mode:FULL, rate:90, size:263
2026-05-14 09:45:54, MOVE, v:1, k:ed@vetbuild, mode:BACK
2026-05-14 09:46:02, MOVE, v:1, k:ed@vetbuild, mode:PICK
2026-05-14 09:46:03, EXEC, v:1, k:ed@vetbuild, mode:FULL, rate:90
2026-05-14 09:46:03, MOVE, v:1, k:ed@vetbuild, mode:EDIT
2026-05-14 09:49:26, MOVE, v:1, k:ed@vetbuild, mode:EDIT
2026-05-14 09:54:07, EXEC, v:1, k:ed@vetbuild, mode:FULL, rate:90, size:270
2026-05-14 09:54:05, MOVE, v:1, k:ed@vetbuild, mode:EDIT
2026-05-14 09:54:06, MOVE, v:1, k:ed@vetbuild, mode:EDIT
2026-05-14 09:56:38, EXEC, v:1, k:ed@vetbuild, mode:FULL, rate:90, size:273
2026-05-14 09:59:54, EXEC, v:1, k:ed@vetbuild, mode:FULL, rate:90, size:273
2026-05-14 10:00:15, EXEC, v:1, k:ed@vetbuild, mode:FULL, rate:90, size:273
2026-05-14 10:00:25, MOVE, v:1, k:ed@vetbuild, mode:EDIT
2026-05-14 10:00:14, MOVE, v:1, k:ed@vetbuild, mode:EDIT
2026-05-14 10:01:16, EXEC, v:1, k:ed@vetbuild, mode:FULL, rate:90, size:273
2026-05-14 10:03:48, EXEC, v:1, k:ed@vetbuild, mode:FULL, rate:18, size:274
2026-05-14 10:05:01, EXEC, v:1, k:ed@vetbuild, mode:FULL, rate:90, size:273
2026-05-14 10:06:00, MOVE, v:1, k:ed@vetbuild, mode:EDIT
2026-05-14 10:05:00, MOVE, v:1, k:ed@vetbuild, mode:EDIT
2026-05-14 10:07:01, EXEC, v:1, k:ed@vetbuild, mode:FULL, rate:100, size:274
2026-05-14 10:07:39, MOVE, v:1, k:ed@vetbuild, mode:BACK
2026-05-14 10:08:09, SELF, v:1, k:ed@vetbuild, self:1, rate:100, study:240
2026-05-14 10:08:10, MOVE, v:1, k:ed@vetbuild, mode:PICK
2026-05-14 10:08:12, MOVE, v:1, k:ed@vetbuild, mode:BACK
2026-05-14 10:08:39, MOVE, v:1, k:ed@setbuild, mode:DOWN
2026-05-14 10:08:39, MOVE, v:1, k:ed@setbuild, mode:PICK
2026-05-14 10:06:56, MOVE, v:1, k:ed@vetbuild, mode:EDIT
2026-05-14 10:07:00, MOVE, v:1, k:ed@vetbuild, mode:EDIT
2026-05-14 10:08:41, MOVE, v:1, k:ed@setbuild, mode:EDIT
2026-05-14 10:08:39, MOVE, v:1, k:ed@setbuild, mode:EDIT
2026-05-14 10:08:39, MOVE, v:1, k:ed@setbuild, mode:EDIT
2026-05-14 10:11:03, MOVE, v:1, k:ed@setbuild, mode:EDIT
2026-05-14 10:08:49, MOVE, v:1, k:ed@editorint, mode:EDIT
2026-05-14 10:08:49, MOVE, v:1, k:ed@editorint, mode:EDIT
2026-05-14 10:08:49, MOVE, v:1, k:ed@editorint, mode:EDIT
2026-05-14 10:10:51, MOVE, v:1, k:ed@vetbuild, mode:EDIT
2026-05-14 10:15:45, MOVE, v:1, k:ed@setbuild, mode:EDIT
2026-05-14 10:18:40, EXEC, v:1, k:ed@setbuild, mode:FULL, size:63, fail:COMP
2026-05-14 10:18:45, MOVE, v:1, k:ed@setbuild, mode:BACK
2026-05-14 18:42:27, MOVE, v:1, k:ed@setbuild, mode:PICK
2026-05-14 18:42:27, MOVE, v:1, k:ed@setbuild, mode:EDIT
2026-05-14 18:42:27, MOVE, v:1, k:ed@setbuild, mode:EDIT
2026-05-14 18:42:37, MOVE, v:1, k:ed@setbuild, mode:EDIT
2026-05-14 18:42:49, MOVE, v:1, k:ed@fractais_png, mode:EDIT
2026-05-14 18:42:49, MOVE, v:1, k:ed@editorint, mode:EDIT
2026-05-14 18:46:34, MOVE, v:1, k:ed@setbuild, mode:EDIT
2026-05-14 18:52:25, MOVE, v:1, k:ed@setbuild, mode:EDIT
2026-05-14 18:57:25, MOVE, v:1, k:ed@setbuild, mode:EDIT
2026-05-14 19:01:53, MOVE, v:1, k:ed@setbuild, mode:EDIT
2026-05-14 19:07:17, MOVE, v:1, k:ed@setbuild, mode:EDIT
