2026-03-14 08:31:43, MOVE, v:1, k:ed@casais, mode:PICK
2026-03-14 08:37:03, EXEC, v:1, k:ed@casais, mode:FULL, rate:0, size:30
2026-03-14 08:37:52, EXEC, v:1, k:ed@casais, mode:FULL, rate:0, size:31
2026-03-14 08:38:16, EXEC, v:1, k:ed@casais, mode:FULL, rate:0, size:32
2026-03-14 08:38:54, EXEC, v:1, k:ed@casais, mode:FULL, rate:0, size:32
2026-03-14 08:41:58, EXEC, v:1, k:ed@casais, mode:FULL, rate:0, size:36
2026-03-14 08:42:57, EXEC, v:1, k:ed@casais, mode:FULL, rate:0, size:37
2026-03-14 08:43:45, EXEC, v:1, k:ed@casais, mode:FULL, rate:0, size:37
2026-03-14 08:48:26, EXEC, v:1, k:ed@casais, mode:FULL, rate:0, size:37
2026-03-14 08:51:45, EXEC, v:1, k:ed@casais, mode:FULL, rate:0, size:36
2026-03-14 08:58:40, EXEC, v:1, k:ed@casais, mode:FULL, rate:0, size:39
2026-03-14 09:00:13, EXEC, v:1, k:ed@casais, mode:FULL, rate:0, size:39
2026-03-14 09:06:12, EXEC, v:1, k:ed@casais, mode:FULL, size:40, fail:COMP
2026-03-14 09:06:23, EXEC, v:1, k:ed@casais, mode:FULL, rate:0, size:40
2026-03-14 09:07:16, EXEC, v:1, k:ed@casais, mode:FULL, rate:0, size:42
2026-03-14 09:09:06, EXEC, v:1, k:ed@casais, mode:FULL, rate:0, size:45
2026-03-14 09:09:23, EXEC, v:1, k:ed@casais, mode:FULL, rate:100, size:42
2026-03-14 09:10:13, MOVE, v:1, k:ed@casais, mode:BACK
2026-03-14 09:10:56, SELF, v:1, k:ed@casais, self:1, rate:100, study:61, friend:nao se aplica, concept:1
2026-03-14 09:12:20, MOVE, v:1, k:ed@casais, mode:PICK
2026-03-14 09:12:30, EXEC, v:1, k:ed@casais, mode:FULL, rate:100, size:39
2026-03-14 09:12:35, MOVE, v:1, k:ed@casais, mode:BACK
2026-03-14 09:12:38, MOVE, v:1, k:ed@baruel, mode:DOWN
2026-03-14 09:12:48, MOVE, v:1, k:ed@baruel, mode:PICK
2026-03-14 09:42:49, EXEC, v:1, k:ed@baruel, mode:FULL, rate:0, size:33
2026-03-14 09:44:47, EXEC, v:1, k:ed@baruel, mode:FULL, rate:0, size:33
2026-03-14 09:45:10, EXEC, v:1, k:ed@baruel, mode:FULL, rate:0
2026-03-14 09:45:12, MOVE, v:1, k:ed@baruel, mode:BACK
2026-03-14 09:45:23, MOVE, v:1, k:ed@baruel, mode:PICK
2026-03-14 09:46:00, EXEC, v:1, k:ed@baruel, mode:FULL, rate:0, size:33
2026-03-14 09:46:03, MOVE, v:1, k:ed@baruel, mode:BACK
2026-03-14 09:46:09, MOVE, v:1, k:ed@baruel, mode:PICK
2026-03-14 09:46:11, EXEC, v:1, k:ed@baruel, mode:FULL, rate:0
2026-03-14 09:51:46, MOVE, v:1, k:ed@baruel, mode:BACK
2026-03-14 09:51:52, MOVE, v:1, k:ed@baruel, mode:PICK
2026-03-14 09:51:55, EXEC, v:1, k:ed@baruel, mode:FULL, rate:0, size:40
2026-03-14 09:53:16, EXEC, v:1, k:ed@baruel, mode:FULL, rate:0, size:40
2026-03-14 09:53:17, MOVE, v:1, k:ed@baruel, mode:BACK
2026-03-14 09:53:27, MOVE, v:1, k:ed@baruel, mode:PICK
2026-03-14 09:53:30, EXEC, v:1, k:ed@baruel, mode:FULL, rate:0
2026-03-14 09:54:00, EXEC, v:1, k:ed@baruel, mode:FREE
2026-03-14 09:56:14, EXEC, v:1, k:ed@baruel, mode:FULL, rate:0, size:40
2026-03-14 09:56:37, EXEC, v:1, k:ed@baruel, mode:FREE
2026-03-14 09:57:45, EXEC, v:1, k:ed@baruel, mode:FULL, rate:0, size:40
2026-03-14 09:58:47, EXEC, v:1, k:ed@baruel, mode:FULL, rate:0, size:40
2026-03-14 10:01:00, EXEC, v:1, k:ed@baruel, mode:FULL, rate:0, size:40
2026-03-14 10:03:43, EXEC, v:1, k:ed@baruel, mode:FULL, rate:0, size:46
2026-03-14 10:05:39, EXEC, v:1, k:ed@baruel, mode:FULL, rate:0, size:46
2026-03-14 10:21:15, EXEC, v:1, k:ed@baruel, mode:FULL, rate:0, size:51
2026-03-14 10:24:12, EXEC, v:1, k:ed@baruel, mode:FULL, rate:0, size:54
2026-03-14 10:24:18, EXEC, v:1, k:ed@baruel, mode:FULL, rate:0, size:54
2026-03-14 10:24:52, EXEC, v:1, k:ed@baruel, mode:FULL, rate:0, size:54
2026-03-14 10:25:28, EXEC, v:1, k:ed@baruel, mode:FULL, rate:0, size:57
2026-03-14 10:27:46, EXEC, v:1, k:ed@baruel, mode:FULL, rate:0, size:60
2026-03-14 10:28:14, EXEC, v:1, k:ed@baruel, mode:FULL, rate:0, size:60
2026-03-14 10:28:53, EXEC, v:1, k:ed@baruel, mode:FULL, rate:50, size:63
2026-03-14 10:30:28, EXEC, v:1, k:ed@baruel, mode:FULL, rate:100, size:71
2026-03-14 10:31:46, MOVE, v:1, k:ed@baruel, mode:BACK
