2026-04-06 14:40:02, MOVE, v:1, k:ed@treinando, mode:PICK
2026-04-06 14:40:07, EXEC, v:1, k:ed@treinando, mode:FULL, rate:0, size:92
2026-04-06 14:40:10, EXEC, v:1, k:ed@treinando, mode:FULL, rate:0
2026-04-06 14:43:25, EXEC, v:1, k:ed@treinando, mode:FULL, rate:0, size:90
2026-04-06 14:43:27, EXEC, v:1, k:ed@treinando, mode:FULL, rate:0
2026-04-06 14:44:56, EXEC, v:1, k:ed@treinando, mode:FULL, rate:0, size:91
2026-04-06 14:44:58, EXEC, v:1, k:ed@treinando, mode:FULL, rate:0
2026-04-06 14:47:39, EXEC, v:1, k:ed@treinando, mode:FULL, rate:0, size:91
2026-04-06 14:47:45, EXEC, v:1, k:ed@treinando, mode:FULL, rate:0
2026-04-06 14:48:49, EXEC, v:1, k:ed@treinando, mode:FULL, rate:0, size:91
2026-04-06 14:48:52, EXEC, v:1, k:ed@treinando, mode:FULL, rate:0
2026-04-06 14:49:29, EXEC, v:1, k:ed@treinando, mode:FULL, rate:0, size:91
2026-04-06 14:49:33, EXEC, v:1, k:ed@treinando, mode:FULL, rate:0
2026-04-06 14:50:15, EXEC, v:1, k:ed@treinando, mode:FULL, rate:0, size:91
2026-04-06 14:50:16, EXEC, v:1, k:ed@treinando, mode:FULL, rate:0
2026-04-06 14:56:01, EXEC, v:1, k:ed@treinando, mode:FULL, rate:0, size:98
2026-04-06 14:56:03, EXEC, v:1, k:ed@treinando, mode:FULL, rate:0
2026-04-06 14:56:56, EXEC, v:1, k:ed@treinando, mode:FULL, rate:0, size:98
2026-04-06 14:56:58, EXEC, v:1, k:ed@treinando, mode:FULL, rate:0
2026-04-06 15:44:52, MOVE, v:1, k:ed@treinando, mode:PICK
2026-04-06 15:44:54, EXEC, v:1, k:ed@treinando, mode:FULL, rate:0
2026-04-06 15:44:57, EXEC, v:1, k:ed@treinando, mode:FULL, rate:0
2026-04-06 15:46:21, MOVE, v:1, k:ed@treinando, mode:BACK
2026-04-06 15:46:37, MOVE, v:1, k:ed@fractais_png, mode:PICK
2026-04-06 15:46:59, EXEC, v:1, k:ed@fractais_png, mode:LOCK, rate:0
2026-04-06 15:47:52, EXEC, v:1, k:ed@fractais_png, mode:LOCK, rate:0, size:136
2026-04-06 15:47:54, EXEC, v:1, k:ed@fractais_png, mode:LOCK, rate:0
2026-04-06 15:48:49, EXEC, v:1, k:ed@fractais_png, mode:LOCK, rate:0, size:137
2026-04-06 15:48:51, EXEC, v:1, k:ed@fractais_png, mode:LOCK, rate:0
2026-04-06 15:49:13, EXEC, v:1, k:ed@fractais_png, mode:LOCK, rate:0, size:138
2026-04-06 15:49:15, EXEC, v:1, k:ed@fractais_png, mode:LOCK, rate:0
2026-04-06 15:49:42, EXEC, v:1, k:ed@fractais_png, mode:LOCK, rate:0, size:139
2026-04-06 15:49:43, EXEC, v:1, k:ed@fractais_png, mode:LOCK, rate:0
2026-04-06 15:51:07, EXEC, v:1, k:ed@fractais_png, mode:LOCK, rate:0, size:136
2026-04-06 15:51:09, EXEC, v:1, k:ed@fractais_png, mode:LOCK, rate:0
2026-04-06 15:51:36, EXEC, v:1, k:ed@fractais_png, mode:LOCK, rate:0, size:136
2026-04-06 15:51:37, EXEC, v:1, k:ed@fractais_png, mode:LOCK, rate:0
2026-04-06 15:51:57, EXEC, v:1, k:ed@fractais_png, mode:LOCK, rate:0, size:136
2026-04-06 15:51:58, EXEC, v:1, k:ed@fractais_png, mode:LOCK, rate:0
2026-04-06 15:52:32, EXEC, v:1, k:ed@fractais_png, mode:LOCK, rate:0, size:136
2026-04-06 15:52:33, EXEC, v:1, k:ed@fractais_png, mode:LOCK, rate:0
2026-04-06 15:54:12, EXEC, v:1, k:ed@fractais_png, mode:LOCK, rate:0, size:139
2026-04-06 15:54:14, EXEC, v:1, k:ed@fractais_png, mode:LOCK, rate:0
2026-04-06 15:54:15, EXEC, v:1, k:ed@fractais_png, mode:LOCK, rate:0
2026-04-06 15:54:37, EXEC, v:1, k:ed@fractais_png, mode:LOCK, rate:0, size:138
2026-04-06 15:54:39, EXEC, v:1, k:ed@fractais_png, mode:LOCK, rate:0
2026-04-06 15:54:53, EXEC, v:1, k:ed@fractais_png, mode:LOCK, rate:0, size:138
2026-04-06 15:54:55, EXEC, v:1, k:ed@fractais_png, mode:LOCK, rate:0
2026-04-06 15:55:21, EXEC, v:1, k:ed@fractais_png, mode:LOCK, rate:0, size:138
2026-04-06 15:55:27, EXEC, v:1, k:ed@fractais_png, mode:LOCK, rate:0
2026-04-06 15:55:30, EXEC, v:1, k:ed@fractais_png, mode:LOCK, rate:0
2026-04-06 15:55:48, EXEC, v:1, k:ed@fractais_png, mode:LOCK, rate:0, size:138
2026-04-06 15:55:50, EXEC, v:1, k:ed@fractais_png, mode:LOCK, rate:0
2026-04-06 15:56:54, EXEC, v:1, k:ed@fractais_png, mode:LOCK, rate:0, size:144
2026-04-06 15:56:58, EXEC, v:1, k:ed@fractais_png, mode:LOCK, rate:0
2026-04-06 15:57:42, EXEC, v:1, k:ed@fractais_png, mode:LOCK, rate:0, size:144
2026-04-06 15:57:43, EXEC, v:1, k:ed@fractais_png, mode:LOCK, rate:0
2026-04-06 15:58:15, EXEC, v:1, k:ed@fractais_png, mode:LOCK, rate:0, size:144
2026-04-06 15:58:16, EXEC, v:1, k:ed@fractais_png, mode:LOCK, rate:0
2026-04-06 15:58:18, EXEC, v:1, k:ed@fractais_png, mode:LOCK, rate:0
2026-04-06 15:58:44, EXEC, v:1, k:ed@fractais_png, mode:LOCK, rate:0, size:144
2026-04-06 15:58:46, EXEC, v:1, k:ed@fractais_png, mode:LOCK, rate:0
2026-04-06 15:59:31, EXEC, v:1, k:ed@fractais_png, mode:LOCK, rate:0, size:144
2026-04-06 15:59:33, EXEC, v:1, k:ed@fractais_png, mode:LOCK, rate:0
2026-04-06 15:59:46, EXEC, v:1, k:ed@fractais_png, mode:LOCK, rate:0, size:144
2026-04-06 15:59:47, EXEC, v:1, k:ed@fractais_png, mode:LOCK, rate:0
2026-04-06 16:00:07, EXEC, v:1, k:ed@fractais_png, mode:LOCK, rate:0, size:144
2026-04-06 16:00:08, EXEC, v:1, k:ed@fractais_png, mode:LOCK, rate:0
2026-04-06 16:01:52, EXEC, v:1, k:ed@fractais_png, mode:LOCK, rate:0, size:161
2026-04-06 16:01:53, EXEC, v:1, k:ed@fractais_png, mode:LOCK, rate:0
2026-04-06 16:02:40, EXEC, v:1, k:ed@fractais_png, mode:LOCK, rate:0, size:162
2026-04-06 16:02:42, EXEC, v:1, k:ed@fractais_png, mode:LOCK, rate:0
2026-04-06 16:03:24, EXEC, v:1, k:ed@fractais_png, mode:LOCK, rate:0, size:163
2026-04-06 16:03:25, EXEC, v:1, k:ed@fractais_png, mode:LOCK, rate:0
2026-04-06 16:03:26, EXEC, v:1, k:ed@fractais_png, mode:LOCK, rate:0
2026-04-06 16:04:48, EXEC, v:1, k:ed@fractais_png, mode:LOCK, rate:0, size:167
2026-04-06 16:04:49, EXEC, v:1, k:ed@fractais_png, mode:LOCK, rate:0
2026-04-06 16:05:34, EXEC, v:1, k:ed@fractais_png, mode:LOCK, rate:0, size:167
2026-04-06 16:05:37, EXEC, v:1, k:ed@fractais_png, mode:LOCK, rate:0
2026-04-06 16:06:22, EXEC, v:1, k:ed@fractais_png, mode:LOCK, rate:0, size:167
2026-04-06 16:06:23, EXEC, v:1, k:ed@fractais_png, mode:LOCK, rate:0
2026-04-06 16:06:46, EXEC, v:1, k:ed@fractais_png, mode:LOCK, rate:0, size:168
2026-04-06 16:06:47, EXEC, v:1, k:ed@fractais_png, mode:LOCK, rate:0
2026-04-06 16:07:19, EXEC, v:1, k:ed@fractais_png, mode:LOCK, rate:0, size:170
2026-04-06 16:07:21, EXEC, v:1, k:ed@fractais_png, mode:LOCK, rate:0
2026-04-06 16:08:08, EXEC, v:1, k:ed@fractais_png, mode:LOCK, rate:0, size:169
2026-04-06 16:08:10, EXEC, v:1, k:ed@fractais_png, mode:LOCK, rate:0
2026-04-06 16:08:25, EXEC, v:1, k:ed@fractais_png, mode:LOCK, rate:0, size:169
2026-04-06 16:08:27, EXEC, v:1, k:ed@fractais_png, mode:LOCK, rate:0
2026-04-06 16:09:50, EXEC, v:1, k:ed@fractais_png, mode:LOCK, rate:0, size:172
2026-04-06 16:09:52, EXEC, v:1, k:ed@fractais_png, mode:LOCK, rate:0
2026-04-06 16:09:55, EXEC, v:1, k:ed@fractais_png, mode:LOCK, rate:0
2026-04-06 16:10:12, EXEC, v:1, k:ed@fractais_png, mode:LOCK, rate:0, size:173
2026-04-06 16:10:14, EXEC, v:1, k:ed@fractais_png, mode:LOCK, rate:0
2026-04-06 16:11:23, EXEC, v:1, k:ed@fractais_png, mode:LOCK, rate:0, size:174
2026-04-06 16:11:25, EXEC, v:1, k:ed@fractais_png, mode:LOCK, rate:0
2026-04-06 16:11:54, EXEC, v:1, k:ed@fractais_png, mode:LOCK, rate:0, size:174
2026-04-06 16:11:55, EXEC, v:1, k:ed@fractais_png, mode:LOCK, rate:0
2026-04-06 16:12:09, EXEC, v:1, k:ed@fractais_png, mode:LOCK, rate:0, size:174
2026-04-06 16:17:36, EXEC, v:1, k:ed@fractais_png, mode:LOCK, rate:0, size:174
2026-04-06 16:17:38, EXEC, v:1, k:ed@fractais_png, mode:LOCK, rate:0
2026-04-06 16:18:16, EXEC, v:1, k:ed@fractais_png, mode:LOCK, rate:0, size:174
2026-04-06 16:18:18, EXEC, v:1, k:ed@fractais_png, mode:LOCK, rate:0
2026-04-06 16:18:29, EXEC, v:1, k:ed@fractais_png, mode:LOCK, rate:0, size:174
2026-04-06 16:18:31, EXEC, v:1, k:ed@fractais_png, mode:LOCK, rate:0
2026-04-06 16:18:51, EXEC, v:1, k:ed@fractais_png, mode:LOCK, rate:0, size:174
2026-04-06 16:18:54, EXEC, v:1, k:ed@fractais_png, mode:LOCK, rate:0
2026-04-06 16:19:04, EXEC, v:1, k:ed@fractais_png, mode:LOCK, rate:0, size:174
2026-04-06 16:19:14, EXEC, v:1, k:ed@fractais_png, mode:LOCK, rate:0, size:174
2026-04-06 16:19:18, EXEC, v:1, k:ed@fractais_png, mode:LOCK, rate:0
2026-04-06 16:19:26, EXEC, v:1, k:ed@fractais_png, mode:LOCK, rate:0, size:174
2026-04-06 16:19:28, EXEC, v:1, k:ed@fractais_png, mode:LOCK, rate:0
2026-04-06 16:19:29, EXEC, v:1, k:ed@fractais_png, mode:LOCK, rate:0
2026-04-06 16:19:50, EXEC, v:1, k:ed@fractais_png, mode:LOCK, rate:0, size:174
2026-04-06 16:19:51, EXEC, v:1, k:ed@fractais_png, mode:LOCK, rate:0
2026-04-06 16:20:17, EXEC, v:1, k:ed@fractais_png, mode:LOCK, rate:0, size:174
2026-04-06 16:20:18, EXEC, v:1, k:ed@fractais_png, mode:LOCK, rate:0
2026-04-06 16:20:19, EXEC, v:1, k:ed@fractais_png, mode:LOCK, rate:0
2026-04-06 16:20:40, EXEC, v:1, k:ed@fractais_png, mode:LOCK, rate:0, size:174
2026-04-06 16:20:42, EXEC, v:1, k:ed@fractais_png, mode:LOCK, rate:0
2026-04-06 16:20:55, EXEC, v:1, k:ed@fractais_png, mode:LOCK, rate:0, size:174
2026-04-06 16:20:58, EXEC, v:1, k:ed@fractais_png, mode:LOCK, rate:0
2026-04-06 16:21:09, EXEC, v:1, k:ed@fractais_png, mode:LOCK, rate:0, size:174
2026-04-06 16:21:12, EXEC, v:1, k:ed@fractais_png, mode:LOCK, rate:0
2026-04-06 16:21:21, EXEC, v:1, k:ed@fractais_png, mode:LOCK, rate:0, size:174
2026-04-06 16:21:24, EXEC, v:1, k:ed@fractais_png, mode:LOCK, rate:0
2026-04-06 16:21:32, EXEC, v:1, k:ed@fractais_png, mode:LOCK, rate:0, size:174
2026-04-06 16:21:34, EXEC, v:1, k:ed@fractais_png, mode:LOCK, rate:0
2026-04-06 16:21:54, EXEC, v:1, k:ed@fractais_png, mode:LOCK, rate:0, size:174
2026-04-06 16:21:55, EXEC, v:1, k:ed@fractais_png, mode:LOCK, rate:0
2026-04-06 16:22:16, EXEC, v:1, k:ed@fractais_png, mode:LOCK, rate:0, size:174
2026-04-06 16:22:18, EXEC, v:1, k:ed@fractais_png, mode:LOCK, rate:0
2026-04-06 16:22:37, EXEC, v:1, k:ed@fractais_png, mode:LOCK, rate:0, size:174
2026-04-06 16:22:40, EXEC, v:1, k:ed@fractais_png, mode:LOCK, rate:0
2026-04-06 16:22:43, EXEC, v:1, k:ed@fractais_png, mode:LOCK, rate:0
2026-04-06 16:27:14, EXEC, v:1, k:ed@fractais_png, mode:LOCK, rate:0, size:166
2026-04-06 16:27:15, EXEC, v:1, k:ed@fractais_png, mode:LOCK, rate:0
2026-04-06 16:27:16, EXEC, v:1, k:ed@fractais_png, mode:LOCK, rate:0
2026-04-06 16:27:38, EXEC, v:1, k:ed@fractais_png, mode:LOCK, rate:0, size:162
2026-04-06 16:27:41, EXEC, v:1, k:ed@fractais_png, mode:LOCK, rate:0
2026-04-06 16:28:10, EXEC, v:1, k:ed@fractais_png, mode:LOCK, rate:0, size:158
2026-04-06 16:28:11, EXEC, v:1, k:ed@fractais_png, mode:LOCK, rate:0
2026-04-06 16:28:12, EXEC, v:1, k:ed@fractais_png, mode:LOCK, rate:0
2026-04-06 16:28:13, EXEC, v:1, k:ed@fractais_png, mode:LOCK, rate:0
2026-04-06 16:28:29, EXEC, v:1, k:ed@fractais_png, mode:LOCK, rate:0, size:155
2026-04-06 16:28:31, EXEC, v:1, k:ed@fractais_png, mode:LOCK, rate:0
2026-04-06 16:28:41, EXEC, v:1, k:ed@fractais_png, mode:LOCK, rate:0, size:155
2026-04-06 16:28:43, EXEC, v:1, k:ed@fractais_png, mode:LOCK, rate:0
2026-04-06 16:29:19, EXEC, v:1, k:ed@fractais_png, mode:LOCK, rate:0
2026-04-06 16:29:20, EXEC, v:1, k:ed@fractais_png, mode:LOCK, rate:0
2026-04-06 16:29:56, EXEC, v:1, k:ed@fractais_png, mode:LOCK, rate:0, size:156
2026-04-06 16:29:57, EXEC, v:1, k:ed@fractais_png, mode:LOCK, rate:0
2026-04-06 16:30:10, EXEC, v:1, k:ed@fractais_png, mode:LOCK, rate:0, size:156
2026-04-06 16:30:12, EXEC, v:1, k:ed@fractais_png, mode:LOCK, rate:0
2026-04-06 16:30:13, EXEC, v:1, k:ed@fractais_png, mode:LOCK, rate:0
2026-04-06 16:30:36, EXEC, v:1, k:ed@fractais_png, mode:LOCK, rate:0, size:156
2026-04-06 16:30:37, EXEC, v:1, k:ed@fractais_png, mode:LOCK, rate:0
2026-04-06 16:30:38, EXEC, v:1, k:ed@fractais_png, mode:LOCK, rate:0
2026-04-06 16:30:40, EXEC, v:1, k:ed@fractais_png, mode:LOCK, rate:0
2026-04-06 16:32:01, EXEC, v:1, k:ed@fractais_png, mode:LOCK, rate:0, size:156
2026-04-06 16:32:35, EXEC, v:1, k:ed@fractais_png, mode:LOCK, rate:0, size:156
2026-04-06 16:32:36, EXEC, v:1, k:ed@fractais_png, mode:LOCK, rate:0
2026-04-06 16:32:38, EXEC, v:1, k:ed@fractais_png, mode:LOCK, rate:0
2026-04-06 16:32:40, EXEC, v:1, k:ed@fractais_png, mode:LOCK, rate:0
2026-04-06 16:32:41, EXEC, v:1, k:ed@fractais_png, mode:LOCK, rate:0
2026-04-06 16:32:59, EXEC, v:1, k:ed@fractais_png, mode:LOCK, rate:0, size:156
2026-04-06 16:33:00, EXEC, v:1, k:ed@fractais_png, mode:LOCK, rate:0
2026-04-06 16:36:11, EXEC, v:1, k:ed@fractais_png, mode:LOCK, rate:0, size:157
2026-04-06 16:36:13, EXEC, v:1, k:ed@fractais_png, mode:LOCK, rate:0
2026-04-06 16:36:49, EXEC, v:1, k:ed@fractais_png, mode:LOCK, rate:0, size:157
2026-04-06 16:36:50, EXEC, v:1, k:ed@fractais_png, mode:LOCK, rate:0
2026-04-06 16:37:55, EXEC, v:1, k:ed@fractais_png, mode:LOCK, rate:0, size:157
2026-04-06 16:37:57, EXEC, v:1, k:ed@fractais_png, mode:LOCK, rate:0
2026-04-06 16:38:32, EXEC, v:1, k:ed@fractais_png, mode:LOCK, rate:0, size:157
2026-04-06 16:38:33, EXEC, v:1, k:ed@fractais_png, mode:LOCK, rate:0
2026-04-06 16:38:54, EXEC, v:1, k:ed@fractais_png, mode:LOCK, rate:0, size:157
2026-04-06 16:38:55, EXEC, v:1, k:ed@fractais_png, mode:LOCK, rate:0
2026-04-06 16:39:20, EXEC, v:1, k:ed@fractais_png, mode:LOCK, rate:0, size:157
2026-04-06 16:39:23, EXEC, v:1, k:ed@fractais_png, mode:LOCK, rate:0
2026-04-06 16:39:36, EXEC, v:1, k:ed@fractais_png, mode:LOCK, rate:0, size:157
2026-04-06 16:39:37, EXEC, v:1, k:ed@fractais_png, mode:LOCK, rate:0
2026-04-06 16:39:38, EXEC, v:1, k:ed@fractais_png, mode:LOCK, rate:0
2026-04-06 16:39:39, EXEC, v:1, k:ed@fractais_png, mode:LOCK, rate:0
2026-04-06 16:48:04, EXEC, v:1, k:ed@fractais_png, mode:FULL, size:128, fail:COMP
2026-04-06 16:48:06, EXEC, v:1, k:ed@fractais_png, mode:FULL, fail:COMP
2026-04-06 16:48:30, EXEC, v:1, k:ed@fractais_png, mode:LOCK, rate:0, size:128
2026-04-06 16:48:31, EXEC, v:1, k:ed@fractais_png, mode:LOCK, rate:0
2026-04-06 16:49:08, EXEC, v:1, k:ed@fractais_png, mode:LOCK, rate:0, size:129
2026-04-06 16:49:28, MOVE, v:1, k:ed@fractais_png, mode:PICK
2026-04-06 16:49:30, EXEC, v:1, k:ed@fractais_png, mode:LOCK, rate:0, size:129
2026-04-06 16:49:31, EXEC, v:1, k:ed@fractais_png, mode:LOCK, rate:0
2026-04-06 16:49:52, EXEC, v:1, k:ed@fractais_png, mode:LOCK, rate:0, size:129
2026-04-06 16:50:23, MOVE, v:1, k:ed@fractais_png, mode:PICK
2026-04-06 16:50:29, EXEC, v:1, k:ed@fractais_png, mode:LOCK, rate:0, size:129
2026-04-06 16:50:31, EXEC, v:1, k:ed@fractais_png, mode:LOCK, rate:0
2026-04-06 16:50:44, EXEC, v:1, k:ed@fractais_png, mode:LOCK, rate:0, size:129
2026-04-06 16:50:46, EXEC, v:1, k:ed@fractais_png, mode:LOCK, rate:0
2026-04-06 16:51:56, EXEC, v:1, k:ed@fractais_png, mode:LOCK, rate:0, size:130
2026-04-06 16:51:58, EXEC, v:1, k:ed@fractais_png, mode:LOCK, rate:0
2026-04-06 16:52:09, EXEC, v:1, k:ed@fractais_png, mode:LOCK, rate:0, size:131
2026-04-06 16:52:11, EXEC, v:1, k:ed@fractais_png, mode:LOCK, rate:0
2026-04-06 16:52:47, EXEC, v:1, k:ed@fractais_png, mode:LOCK, rate:0, size:131
2026-04-06 16:52:48, EXEC, v:1, k:ed@fractais_png, mode:LOCK, rate:0
2026-04-06 16:52:56, EXEC, v:1, k:ed@fractais_png, mode:LOCK, rate:0, size:131
2026-04-06 16:52:58, EXEC, v:1, k:ed@fractais_png, mode:LOCK, rate:0
2026-04-06 16:53:13, EXEC, v:1, k:ed@fractais_png, mode:LOCK, rate:0, size:131
2026-04-06 16:53:15, EXEC, v:1, k:ed@fractais_png, mode:LOCK, rate:0
2026-04-06 16:53:21, EXEC, v:1, k:ed@fractais_png, mode:LOCK, rate:0, size:131
2026-04-06 16:53:23, EXEC, v:1, k:ed@fractais_png, mode:LOCK, rate:0
2026-04-06 16:53:59, EXEC, v:1, k:ed@fractais_png, mode:LOCK, rate:0, size:131
2026-04-06 16:54:00, EXEC, v:1, k:ed@fractais_png, mode:LOCK, rate:0
2026-04-06 16:55:04, EXEC, v:1, k:ed@fractais_png, mode:LOCK, rate:0, size:131
2026-04-06 16:55:06, EXEC, v:1, k:ed@fractais_png, mode:LOCK, rate:0
2026-04-06 16:55:16, EXEC, v:1, k:ed@fractais_png, mode:LOCK, rate:0, size:130
2026-04-06 16:55:17, EXEC, v:1, k:ed@fractais_png, mode:LOCK, rate:0
2026-04-06 16:55:30, EXEC, v:1, k:ed@fractais_png, mode:LOCK, rate:0, size:130
2026-04-06 16:55:31, EXEC, v:1, k:ed@fractais_png, mode:LOCK, rate:0
2026-04-06 16:55:43, EXEC, v:1, k:ed@fractais_png, mode:LOCK, rate:0, size:130
2026-04-06 16:55:44, EXEC, v:1, k:ed@fractais_png, mode:LOCK, rate:0
2026-04-06 16:57:41, EXEC, v:1, k:ed@fractais_png, mode:LOCK, rate:0, size:130
2026-04-06 16:58:04, MOVE, v:1, k:ed@fractais_png, mode:PICK
2026-04-06 16:58:05, EXEC, v:1, k:ed@fractais_png, mode:FULL, size:130, fail:COMP
2026-04-06 16:58:06, EXEC, v:1, k:ed@fractais_png, mode:FULL, fail:COMP
2026-04-06 16:58:12, EXEC, v:1, k:ed@fractais_png, mode:LOCK, rate:0, size:130
2026-04-06 16:58:37, MOVE, v:1, k:ed@fractais_png, mode:PICK
2026-04-06 16:58:42, EXEC, v:1, k:ed@fractais_png, mode:LOCK, rate:0
2026-04-06 16:58:51, EXEC, v:1, k:ed@fractais_png, mode:LOCK, rate:0, size:130
2026-04-06 16:58:57, MOVE, v:1, k:ed@fractais_png, mode:PICK
2026-04-06 16:59:00, EXEC, v:1, k:ed@fractais_png, mode:LOCK, rate:0
2026-04-06 16:59:01, EXEC, v:1, k:ed@fractais_png, mode:LOCK, rate:0
2026-04-06 16:59:36, EXEC, v:1, k:ed@fractais_png, mode:LOCK, rate:0, size:130
2026-04-06 16:59:38, EXEC, v:1, k:ed@fractais_png, mode:LOCK, rate:0
2026-04-06 16:59:46, EXEC, v:1, k:ed@fractais_png, mode:LOCK, rate:0, size:130
2026-04-06 16:59:48, EXEC, v:1, k:ed@fractais_png, mode:LOCK, rate:0
2026-04-06 17:00:01, EXEC, v:1, k:ed@fractais_png, mode:LOCK, rate:0, size:130
