2026-05-28 11:24:49, MOVE, v:1, k:ed@longest, mode:PICK
2026-05-28 11:25:11, EXEC, v:1, k:ed@longest, mode:FULL, rate:100, size:101
2026-05-28 11:25:16, EXEC, v:1, k:ed@longest, mode:FULL, rate:100
2026-05-28 11:24:49, MOVE, v:1, k:ed@longest, mode:EDIT
2026-05-28 11:24:49, MOVE, v:1, k:ed@longest, mode:EDIT
2026-05-28 11:24:49, MOVE, v:1, k:ed@longest, mode:EDIT
2026-05-28 11:25:09, MOVE, v:1, k:ed@longest, mode:EDIT
2026-05-28 11:25:16, MOVE, v:1, k:ed@longest, mode:EDIT
2026-05-28 16:16:00, SELF, v:1, k:ed@longest, self:1, rate:100, study:180, concept:1, refactor:1
2026-05-28 16:16:49, MOVE, v:1, k:ed@battleship, mode:DOWN
2026-05-28 16:16:50, MOVE, v:1, k:ed@battleship, mode:PICK
2026-05-28 16:15:49, MOVE, v:1, k:ed@fractais_png, mode:EDIT
2026-05-28 16:15:49, MOVE, v:1, k:ed@editorint, mode:EDIT
2026-05-28 16:16:54, MOVE, v:1, k:ed@battleship, mode:EDIT
2026-05-28 16:16:49, MOVE, v:1, k:ed@battleship, mode:EDIT
2026-05-28 16:20:45, MOVE, v:1, k:ed@battleship, mode:EDIT
2026-05-28 16:17:02, MOVE, v:1, k:ed@longest, mode:EDIT
2026-05-28 16:25:47, MOVE, v:1, k:ed@battleship, mode:EDIT
2026-05-28 16:30:47, MOVE, v:1, k:ed@battleship, mode:EDIT
2026-05-28 16:33:49, EXEC, v:1, k:ed@battleship, mode:FULL, rate:50, size:67
2026-05-28 16:35:21, MOVE, v:1, k:ed@battleship, mode:EDIT
2026-05-28 16:33:48, MOVE, v:1, k:ed@battleship, mode:EDIT
2026-05-28 16:36:01, EXEC, v:1, k:ed@battleship, mode:FULL, rate:100, size:61
2026-05-28 16:37:01, MOVE, v:1, k:ed@battleship, mode:BACK
2026-05-28 16:37:21, SELF, v:1, k:ed@battleship, self:1, rate:100, study:15
2026-05-28 16:40:34, MOVE, v:1, k:ed@escapeSpread, mode:DOWN
2026-05-28 16:40:35, MOVE, v:1, k:ed@escapeSpread, mode:PICK
2026-05-28 16:35:57, MOVE, v:1, k:ed@battleship, mode:EDIT
2026-05-28 16:36:00, MOVE, v:1, k:ed@battleship, mode:EDIT
2026-05-28 16:40:34, MOVE, v:1, k:ed@escapeSpread, mode:EDIT
2026-05-28 16:40:34, MOVE, v:1, k:ed@escapeSpread, mode:EDIT
2026-05-28 16:40:34, MOVE, v:1, k:ed@escapeSpread, mode:EDIT
2026-05-28 16:44:26, MOVE, v:1, k:ed@escapeSpread, mode:BACK
2026-05-28 16:44:45, MOVE, v:1, k:ed@rotten, mode:DOWN
2026-05-28 16:44:48, MOVE, v:1, k:ed@rotten, mode:PICK
2026-05-28 16:40:52, MOVE, v:1, k:ed@escapeSpread, mode:EDIT
2026-05-28 16:41:49, MOVE, v:1, k:ed@escapeSpread, mode:EDIT
2026-05-28 16:44:50, MOVE, v:1, k:ed@rotten, mode:EDIT
2026-05-28 16:44:45, MOVE, v:1, k:ed@rotten, mode:EDIT
2026-05-28 16:44:52, MOVE, v:1, k:ed@rotten, mode:EDIT
2026-05-28 16:49:38, MOVE, v:1, k:ed@rotten, mode:EDIT
