2026-05-08 11:34:30, MOVE, v:1, k:ed@editorint, mode:PICK
2026-05-08 11:34:37, EXEC, v:1, k:ed@editorint, mode:LOCK, rate:0, size:346
2026-05-08 11:34:39, MOVE, v:1, k:ed@editorint, mode:BACK
2026-05-08 11:35:06, SELF, v:1, k:ed@editorint, self:1, rate:100, study:129
2026-05-08 14:19:23, MOVE, v:1, k:ed@vetbuild, mode:PICK
2026-05-08 14:20:14, EXEC, v:1, k:ed@vetbuild, mode:FULL, rate:9
2026-05-08 14:21:36, EXEC, v:1, k:ed@vetbuild, mode:FULL, rate:9, size:161
2026-05-08 14:22:29, EXEC, v:1, k:ed@vetbuild, mode:FULL, rate:9, size:161
2026-05-08 14:22:56, EXEC, v:1, k:ed@vetbuild, mode:FULL, rate:9, size:161
2026-05-08 14:19:23, MOVE, v:1, k:ed@vetbuild, mode:EDIT
2026-05-08 14:19:23, MOVE, v:1, k:ed@vetbuild, mode:EDIT
2026-05-08 14:19:24, MOVE, v:1, k:ed@vetbuild, mode:EDIT
2026-05-08 14:19:28, MOVE, v:1, k:ed@fractais_png, mode:EDIT
2026-05-08 14:22:55, MOVE, v:1, k:ed@vetbuild, mode:EDIT
2026-05-08 14:22:45, MOVE, v:1, k:ed@vetbuild, mode:EDIT
2026-05-08 20:14:14, MOVE, v:1, k:ed@editorint, mode:PICK
2026-05-08 20:18:09, EXEC, v:1, k:ed@editorint, mode:LOCK, rate:0
2026-05-08 20:18:20, MOVE, v:1, k:ed@editorint, mode:BACK
2026-05-08 20:18:21, MOVE, v:1, k:ed@editorint, mode:PICK
2026-05-08 20:14:05, MOVE, v:1, k:ed@apagando, mode:EDIT
2026-05-08 20:14:05, MOVE, v:1, k:ed@baruel, mode:EDIT
2026-05-08 20:14:05, MOVE, v:1, k:ed@casais, mode:EDIT
2026-05-08 20:14:05, MOVE, v:1, k:ed@editor, mode:EDIT
2026-05-08 20:14:05, MOVE, v:1, k:ed@eh_primo, mode:EDIT
2026-05-08 20:14:05, MOVE, v:1, k:ed@especiais, mode:EDIT
2026-05-08 20:14:05, MOVE, v:1, k:ed@fib1, mode:EDIT
2026-05-08 20:14:05, MOVE, v:1, k:ed@fuga, mode:EDIT
2026-05-08 20:14:05, MOVE, v:1, k:ed@gomos, mode:EDIT
2026-05-08 20:14:05, MOVE, v:1, k:ed@labirinto, mode:EDIT
2026-05-08 20:14:05, MOVE, v:1, k:ed@lista_d1, mode:EDIT
2026-05-08 20:14:05, MOVE, v:1, k:ed@lista_d2, mode:EDIT
2026-05-08 20:14:05, MOVE, v:1, k:ed@lista_d2, mode:EDIT
2026-05-08 20:14:05, MOVE, v:1, k:ed@magicsearch, mode:EDIT
2026-05-08 20:14:05, MOVE, v:1, k:ed@manipulacao, mode:EDIT
2026-05-08 20:14:05, MOVE, v:1, k:ed@mdc, mode:EDIT
2026-05-08 20:14:05, MOVE, v:1, k:ed@mumia, mode:EDIT
2026-05-08 20:14:05, MOVE, v:1, k:ed@pedra, mode:EDIT
2026-05-08 20:14:05, MOVE, v:1, k:ed@pintando, mode:EDIT
2026-05-08 20:14:05, MOVE, v:1, k:ed@princesa, mode:EDIT
2026-05-08 20:14:05, MOVE, v:1, k:ed@quadrado, mode:EDIT
2026-05-08 20:14:05, MOVE, v:1, k:ed@queimada, mode:EDIT
2026-05-08 20:14:05, MOVE, v:1, k:ed@resto, mode:EDIT
2026-05-08 20:14:05, MOVE, v:1, k:ed@treinando, mode:EDIT
2026-05-08 20:14:05, MOVE, v:1, k:ed@triangulo, mode:EDIT
2026-05-08 20:14:05, MOVE, v:1, k:ed@vetequals, mode:EDIT
2026-05-08 20:14:05, MOVE, v:1, k:sandbox@user_001, mode:EDIT
2026-05-08 20:14:05, MOVE, v:1, k:sandbox@user_002, mode:EDIT
2026-05-08 20:14:14, MOVE, v:1, k:ed@editorint, mode:EDIT
2026-05-08 20:14:21, MOVE, v:1, k:ed@editorint, mode:EDIT
2026-05-08 20:14:21, MOVE, v:1, k:ed@editorint, mode:EDIT
2026-05-08 20:14:21, MOVE, v:1, k:ed@editorint, mode:EDIT
2026-05-08 20:14:22, MOVE, v:1, k:ed@editorint, mode:EDIT
2026-05-08 20:14:34, MOVE, v:1, k:ed@editorint, mode:EDIT
2026-05-08 20:14:35, MOVE, v:1, k:ed@fractais_png, mode:EDIT
