2026-05-13 08:14:00, MOVE, v:1, k:ed@vetbuild, mode:PICK
2026-05-13 08:14:02, EXEC, v:1, k:ed@vetbuild, mode:FULL, rate:18, size:187
2026-05-13 08:14:40, EXEC, v:1, k:ed@vetbuild, mode:FULL, rate:18, size:187
2026-05-13 08:10:17, MOVE, v:1, k:ed@apagando, mode:EDIT
2026-05-13 08:10:17, MOVE, v:1, k:ed@baruel, mode:EDIT
2026-05-13 08:10:17, MOVE, v:1, k:ed@casais, mode:EDIT
2026-05-13 08:10:18, MOVE, v:1, k:ed@editor, mode:EDIT
2026-05-13 08:10:18, MOVE, v:1, k:ed@eh_primo, mode:EDIT
2026-05-13 08:10:18, MOVE, v:1, k:ed@especiais, mode:EDIT
2026-05-13 08:10:18, MOVE, v:1, k:ed@fib1, mode:EDIT
2026-05-13 08:10:18, MOVE, v:1, k:ed@fuga, mode:EDIT
2026-05-13 08:10:18, MOVE, v:1, k:ed@gomos, mode:EDIT
2026-05-13 08:10:18, MOVE, v:1, k:ed@labirinto, mode:EDIT
2026-05-13 08:10:18, MOVE, v:1, k:ed@lista_d1, mode:EDIT
2026-05-13 08:10:18, MOVE, v:1, k:ed@lista_d2, mode:EDIT
2026-05-13 08:10:18, MOVE, v:1, k:ed@lista_d2, mode:EDIT
2026-05-13 08:10:18, MOVE, v:1, k:ed@magicsearch, mode:EDIT
2026-05-13 08:10:18, MOVE, v:1, k:ed@manipulacao, mode:EDIT
2026-05-13 08:10:18, MOVE, v:1, k:ed@mdc, mode:EDIT
2026-05-13 08:10:18, MOVE, v:1, k:ed@mumia, mode:EDIT
2026-05-13 08:10:18, MOVE, v:1, k:ed@pedra, mode:EDIT
2026-05-13 08:10:18, MOVE, v:1, k:ed@pintando, mode:EDIT
2026-05-13 08:10:18, MOVE, v:1, k:ed@princesa, mode:EDIT
2026-05-13 08:10:18, MOVE, v:1, k:ed@quadrado, mode:EDIT
2026-05-13 08:10:18, MOVE, v:1, k:ed@queimada, mode:EDIT
2026-05-13 08:10:18, MOVE, v:1, k:ed@resto, mode:EDIT
2026-05-13 08:10:18, MOVE, v:1, k:ed@treinando, mode:EDIT
2026-05-13 08:10:18, MOVE, v:1, k:ed@triangulo, mode:EDIT
2026-05-13 08:10:18, MOVE, v:1, k:ed@vetequals, mode:EDIT
2026-05-13 08:10:18, MOVE, v:1, k:sandbox@user_001, mode:EDIT
2026-05-13 08:10:19, MOVE, v:1, k:sandbox@user_002, mode:EDIT
2026-05-13 08:10:47, MOVE, v:1, k:ed@editorint, mode:EDIT
2026-05-13 08:10:47, MOVE, v:1, k:ed@fractais_png, mode:EDIT
2026-05-13 08:15:09, MOVE, v:1, k:ed@vetbuild, mode:EDIT
2026-05-13 08:14:00, MOVE, v:1, k:ed@vetbuild, mode:EDIT
2026-05-13 08:14:00, MOVE, v:1, k:ed@vetbuild, mode:EDIT
2026-05-13 08:15:12, MOVE, v:1, k:ed@vetbuild, mode:EDIT
2026-05-13 08:15:12, EXEC, v:1, k:ed@vetbuild, mode:FULL, rate:27, size:187
2026-05-13 08:19:22, EXEC, v:1, k:ed@vetbuild, mode:FULL, rate:27, size:190
2026-05-13 08:19:51, EXEC, v:1, k:ed@vetbuild, mode:FULL, rate:27, size:190
2026-05-13 08:19:48, MOVE, v:1, k:ed@vetbuild, mode:EDIT
2026-05-13 08:19:50, MOVE, v:1, k:ed@vetbuild, mode:EDIT
2026-05-13 08:20:35, EXEC, v:1, k:ed@vetbuild, mode:FULL, rate:27, size:192
2026-05-13 08:22:32, EXEC, v:1, k:ed@vetbuild, mode:FULL, rate:36, size:191
2026-05-13 08:24:10, EXEC, v:1, k:ed@vetbuild, mode:FULL, rate:45, size:194
2026-05-13 08:25:13, MOVE, v:1, k:ed@vetbuild, mode:EDIT
2026-05-13 08:24:09, MOVE, v:1, k:ed@vetbuild, mode:EDIT
2026-05-13 08:26:07, EXEC, v:1, k:ed@vetbuild, mode:FULL, size:198, fail:COMP
2026-05-13 08:27:09, EXEC, v:1, k:ed@vetbuild, mode:FULL, rate:45, size:198
2026-05-13 08:27:39, MOVE, v:1, k:ed@vetbuild, mode:EDIT
2026-05-13 08:30:39, EXEC, v:1, k:ed@vetbuild, mode:FULL, rate:45, size:199
2026-05-13 08:32:41, EXEC, v:1, k:ed@vetbuild, mode:FULL, rate:54, size:202
