2026-05-20 08:49:44, MOVE, v:1, k:ed@lista_d2, mode:BACK
2026-05-20 08:49:47, MOVE, v:1, k:ed@editorint, mode:PICK
2026-05-20 08:53:28, MOVE, v:1, k:ed@editorint, mode:PICK
2026-05-20 08:57:43, MOVE, v:1, k:ed@editorint, mode:BACK
2026-05-20 08:57:47, MOVE, v:1, k:ed@lista_d2, mode:PICK
2026-05-20 08:57:51, EXEC, v:1, k:ed@lista_d2, mode:FULL, rate:0, size:188
2026-05-20 08:53:42, MOVE, v:1, k:ed@lista_d1, mode:EDIT
2026-05-20 08:53:46, MOVE, v:1, k:ed@lista_d2, mode:EDIT
2026-05-20 08:57:37, MOVE, v:1, k:ed@lista_d2, mode:EDIT
2026-05-20 08:57:47, MOVE, v:1, k:ed@lista_d2, mode:EDIT
2026-05-20 08:57:47, MOVE, v:1, k:ed@lista_d2, mode:EDIT
2026-05-20 08:57:50, MOVE, v:1, k:ed@lista_d2, mode:EDIT
2026-05-20 08:58:00, MOVE, v:1, k:sandbox@user_001, mode:EDIT
2026-05-20 08:58:00, MOVE, v:1, k:sandbox@user_002, mode:EDIT
2026-05-20 08:58:00, MOVE, v:1, k:ed@apagando, mode:EDIT
2026-05-20 08:58:00, MOVE, v:1, k:ed@fractais_png, mode:EDIT
2026-05-20 08:58:00, MOVE, v:1, k:ed@editor, mode:EDIT
2026-05-20 08:58:00, MOVE, v:1, k:ed@fib1, mode:EDIT
2026-05-20 08:58:00, MOVE, v:1, k:ed@eh_primo, mode:EDIT
2026-05-20 08:58:00, MOVE, v:1, k:ed@casais, mode:EDIT
2026-05-20 08:58:00, MOVE, v:1, k:ed@baruel, mode:EDIT
2026-05-20 08:58:00, MOVE, v:1, k:ed@especiais, mode:EDIT
2026-05-20 08:58:00, MOVE, v:1, k:ed@gomos, mode:EDIT
2026-05-20 08:58:00, MOVE, v:1, k:ed@fuga, mode:EDIT
2026-05-20 08:58:00, MOVE, v:1, k:ed@magicsearch, mode:EDIT
2026-05-20 08:58:00, MOVE, v:1, k:ed@labirinto, mode:EDIT
2026-05-20 08:58:00, MOVE, v:1, k:ed@mdc, mode:EDIT
2026-05-20 08:58:00, MOVE, v:1, k:ed@manipulacao, mode:EDIT
2026-05-20 08:58:00, MOVE, v:1, k:ed@quadrado, mode:EDIT
2026-05-20 08:58:00, MOVE, v:1, k:ed@pintando, mode:EDIT
2026-05-20 08:58:00, MOVE, v:1, k:ed@pedra, mode:EDIT
2026-05-20 08:58:00, MOVE, v:1, k:ed@resto, mode:EDIT
2026-05-20 08:58:00, MOVE, v:1, k:ed@mumia, mode:EDIT
2026-05-20 08:58:00, MOVE, v:1, k:ed@princesa, mode:EDIT
2026-05-20 08:58:00, MOVE, v:1, k:ed@queimada, mode:EDIT
2026-05-20 08:58:00, MOVE, v:1, k:ed@triangulo, mode:EDIT
2026-05-20 08:58:00, MOVE, v:1, k:ed@vetequals, mode:EDIT
2026-05-20 08:58:00, MOVE, v:1, k:ed@treinando, mode:EDIT
2026-05-20 08:58:00, MOVE, v:1, k:ed@vetbuild, mode:EDIT
2026-05-20 08:58:00, MOVE, v:1, k:ed@setbuild, mode:EDIT
2026-05-20 08:58:39, EXEC, v:1, k:ed@lista_d2, mode:FREE, size:189
2026-05-20 09:12:08, MOVE, v:1, k:ed@lista_d2, mode:PICK
2026-05-20 09:12:08, EXEC, v:1, k:ed@lista_d2, mode:FREE, size:203
2026-05-20 12:37:21, MOVE, v:1, k:ed@lista_d2, mode:PICK
2026-05-20 12:39:19, EXEC, v:1, k:ed@lista_d2, mode:FREE, size:205
2026-05-20 12:39:33, EXEC, v:1, k:ed@lista_d2, mode:FREE, size:205
2026-05-20 12:37:21, MOVE, v:1, k:ed@lista_d2, mode:EDIT
2026-05-20 12:37:21, MOVE, v:1, k:ed@lista_d2, mode:EDIT
2026-05-20 12:37:42, MOVE, v:1, k:ed@editorint, mode:EDIT
2026-05-20 12:37:42, MOVE, v:1, k:ed@fractais_png, mode:EDIT
2026-05-20 12:40:25, MOVE, v:1, k:ed@lista_d2, mode:EDIT
2026-05-20 12:41:00, MOVE, v:1, k:ed@lista_d2, mode:EDIT
2026-05-20 12:42:27, MOVE, v:1, k:ed@editorint, mode:EDIT
2026-05-20 12:42:27, MOVE, v:1, k:ed@editorint, mode:EDIT
2026-05-20 12:42:27, MOVE, v:1, k:ed@editorint, mode:EDIT
2026-05-20 12:46:33, MOVE, v:1, k:ed@lista_d2, mode:EDIT
2026-05-20 12:45:04, MOVE, v:1, k:ed@lista_d2, mode:EDIT
2026-05-20 12:49:18, EXEC, v:1, k:ed@lista_d2, mode:FREE, size:207
2026-05-20 12:51:50, MOVE, v:1, k:ed@lista_d2, mode:EDIT
2026-05-20 12:51:56, MOVE, v:1, k:ed@lista_d2, mode:EDIT
2026-05-20 12:50:03, MOVE, v:1, k:ed@editorint, mode:EDIT
2026-05-20 12:51:01, MOVE, v:1, k:ed@editorint, mode:EDIT
2026-05-20 12:54:54, EXEC, v:1, k:ed@lista_d2, mode:FULL, rate:20, size:193
2026-05-20 12:55:10, MOVE, v:1, k:ed@lista_d2, mode:BACK
2026-05-20 12:55:15, MOVE, v:1, k:ed@lista_d2, mode:PICK
2026-05-20 12:55:19, EXEC, v:1, k:ed@lista_d2, mode:FULL, rate:20
2026-05-20 12:57:06, EXEC, v:1, k:ed@lista_d2, mode:FULL, size:200, fail:COMP
2026-05-20 12:57:23, EXEC, v:1, k:ed@lista_d2, mode:FULL, rate:20, size:200
