2026-05-23 11:38:35, MOVE, v:1, k:ed@wordsearch, mode:PICK
2026-05-23 11:38:35, MOVE, v:1, k:ed@wordsearch, mode:EDIT
2026-05-23 11:38:35, MOVE, v:1, k:ed@wordsearch, mode:EDIT
2026-05-23 11:58:32, MOVE, v:1, k:ed@wordsearch, mode:EDIT
2026-05-23 12:03:32, MOVE, v:1, k:ed@wordsearch, mode:EDIT
2026-05-23 12:04:56, MOVE, v:1, k:ed@wordsearch, mode:EDIT
2026-05-23 14:59:58, MOVE, v:1, k:ed@wordsearch, mode:PICK
2026-05-23 15:00:01, EXEC, v:1, k:ed@wordsearch, mode:FULL, rate:75, size:146
2026-05-23 15:02:22, EXEC, v:1, k:ed@wordsearch, mode:FREE
2026-05-23 15:03:06, MOVE, v:1, k:ed@wordsearch, mode:PICK
2026-05-23 15:03:18, EXEC, v:1, k:ed@wordsearch, mode:FULL, rate:75
2026-05-23 15:03:30, EXEC, v:1, k:ed@wordsearch, mode:FREE
2026-05-23 15:05:19, MOVE, v:1, k:ed@wordsearch, mode:PICK
2026-05-23 15:05:21, EXEC, v:1, k:ed@wordsearch, mode:FULL, rate:25, size:146
2026-05-23 15:05:40, EXEC, v:1, k:ed@wordsearch, mode:FULL, rate:25, size:146
2026-05-23 15:05:53, EXEC, v:1, k:ed@wordsearch, mode:FULL, rate:75, size:146
2026-05-23 15:07:29, EXEC, v:1, k:ed@wordsearch, mode:FULL, rate:25, size:146
2026-05-23 15:07:28, MOVE, v:1, k:ed@wordsearch, mode:EDIT
2026-05-23 15:10:06, MOVE, v:1, k:ed@wordsearch, mode:EDIT
2026-05-23 15:13:01, EXEC, v:1, k:ed@wordsearch, mode:FULL, rate:100, size:145
2026-05-23 15:12:31, MOVE, v:1, k:ed@wordsearch, mode:EDIT
2026-05-23 15:12:59, MOVE, v:1, k:ed@wordsearch, mode:EDIT
2026-05-23 15:20:23, MOVE, v:1, k:ed@lista_d1, mode:EDIT
2026-05-23 16:39:13, MOVE, v:1, k:ed@wordsearch, mode:EDIT
2026-05-23 16:38:31, MOVE, v:1, k:ed@wordsearch, mode:EDIT
2026-05-23 16:38:32, MOVE, v:1, k:ed@editor, mode:EDIT
2026-05-23 16:38:50, MOVE, v:1, k:ed@editorint, mode:EDIT
2026-05-23 16:38:50, MOVE, v:1, k:ed@baruel, mode:EDIT
2026-05-23 16:38:50, MOVE, v:1, k:sandbox@user_002, mode:EDIT
2026-05-23 16:38:50, MOVE, v:1, k:ed@apagando, mode:EDIT
2026-05-23 16:38:50, MOVE, v:1, k:ed@editor, mode:EDIT
2026-05-23 16:38:50, MOVE, v:1, k:ed@editor, mode:EDIT
2026-05-23 16:38:50, MOVE, v:1, k:ed@editor, mode:EDIT
2026-05-23 16:38:50, MOVE, v:1, k:ed@casais, mode:EDIT
2026-05-23 16:38:50, MOVE, v:1, k:ed@eh_primo, mode:EDIT
2026-05-23 16:38:50, MOVE, v:1, k:sandbox@user_001, mode:EDIT
2026-05-23 16:38:50, MOVE, v:1, k:ed@fractais_png, mode:EDIT
2026-05-23 16:38:50, MOVE, v:1, k:ed@fuga, mode:EDIT
2026-05-23 16:38:50, MOVE, v:1, k:ed@lista_d2, mode:EDIT
2026-05-23 16:38:50, MOVE, v:1, k:ed@lista_d2, mode:EDIT
2026-05-23 16:38:50, MOVE, v:1, k:ed@labirinto, mode:EDIT
2026-05-23 16:38:50, MOVE, v:1, k:ed@gomos, mode:EDIT
2026-05-23 16:38:50, MOVE, v:1, k:ed@fib1, mode:EDIT
2026-05-23 16:38:50, MOVE, v:1, k:ed@especiais, mode:EDIT
2026-05-23 16:38:50, MOVE, v:1, k:ed@magicsearch, mode:EDIT
2026-05-23 16:38:50, MOVE, v:1, k:ed@mdc, mode:EDIT
2026-05-23 16:38:50, MOVE, v:1, k:ed@manipulacao, mode:EDIT
2026-05-23 16:38:50, MOVE, v:1, k:ed@lista_d1, mode:EDIT
2026-05-23 16:38:50, MOVE, v:1, k:ed@lista_d4, mode:EDIT
2026-05-23 16:38:50, MOVE, v:1, k:ed@mumia, mode:EDIT
2026-05-23 16:38:50, MOVE, v:1, k:ed@pintando, mode:EDIT
2026-05-23 16:38:50, MOVE, v:1, k:ed@princesa, mode:EDIT
2026-05-23 16:38:50, MOVE, v:1, k:ed@prin_list1, mode:EDIT
2026-05-23 16:38:50, MOVE, v:1, k:ed@prin_list1, mode:EDIT
2026-05-23 16:38:50, MOVE, v:1, k:ed@pedra, mode:EDIT
2026-05-23 16:38:50, MOVE, v:1, k:ed@resto, mode:EDIT
2026-05-23 16:38:50, MOVE, v:1, k:ed@vetbuild, mode:EDIT
2026-05-23 16:38:50, MOVE, v:1, k:ed@treinando, mode:EDIT
2026-05-23 16:38:50, MOVE, v:1, k:ed@triangulo, mode:EDIT
2026-05-23 16:38:50, MOVE, v:1, k:ed@vetequals, mode:EDIT
2026-05-23 16:38:50, MOVE, v:1, k:ed@quadrado, mode:EDIT
2026-05-23 16:38:50, MOVE, v:1, k:ed@setbuild, mode:EDIT
2026-05-23 16:38:50, MOVE, v:1, k:ed@queimada, mode:EDIT
2026-05-23 16:41:56, MOVE, v:1, k:ed@wordsearch, mode:EDIT
2026-05-23 16:47:05, EXEC, v:1, k:ed@wordsearch, mode:FULL, rate:100, size:145
2026-05-23 16:47:07, MOVE, v:1, k:ed@wordsearch, mode:BACK
2026-05-23 16:47:48, SELF, v:1, k:ed@wordsearch, self:1, rate:100, study:120, concept:1, refactor:1
2026-05-23 16:47:04, MOVE, v:1, k:ed@wordsearch, mode:EDIT
2026-05-23 16:47:05, MOVE, v:1, k:ed@wordsearch, mode:EDIT
2026-05-23 16:47:54, MOVE, v:1, k:ed@subset_sum, mode:DOWN
2026-05-23 16:56:32, MOVE, v:1, k:ed@subset_sum, mode:PICK
2026-05-23 17:01:21, MOVE, v:1, k:ed@subset_sum, mode:EDIT
2026-05-23 16:56:35, MOVE, v:1, k:ed@subset_sum, mode:EDIT
2026-05-23 17:06:20, MOVE, v:1, k:ed@subset_sum, mode:EDIT
2026-05-23 17:10:54, MOVE, v:1, k:ed@subset_sum, mode:EDIT
2026-05-23 17:16:19, MOVE, v:1, k:ed@subset_sum, mode:EDIT
2026-05-23 17:17:29, EXEC, v:1, k:ed@subset_sum, mode:FULL, rate:0, size:39
2026-05-23 17:18:05, EXEC, v:1, k:ed@subset_sum, mode:FULL, rate:58, size:40
2026-05-23 17:19:51, EXEC, v:1, k:ed@subset_sum, mode:FULL, rate:58, size:40
2026-05-23 17:21:22, MOVE, v:1, k:ed@subset_sum, mode:EDIT
2026-05-23 17:19:50, MOVE, v:1, k:ed@subset_sum, mode:EDIT
2026-05-23 17:23:09, MOVE, v:1, k:ed@subset_sum, mode:EDIT
2026-05-23 17:30:00, MOVE, v:1, k:ed@subset_sum, mode:EDIT
2026-05-23 17:35:39, EXEC, v:1, k:ed@subset_sum, mode:FULL, rate:0, size:27
2026-05-23 17:36:20, MOVE, v:1, k:ed@subset_sum, mode:EDIT
2026-05-23 17:35:39, MOVE, v:1, k:ed@subset_sum, mode:EDIT
2026-05-23 17:41:16, EXEC, v:1, k:ed@subset_sum, mode:FULL, rate:0, size:49
2026-05-23 17:41:23, MOVE, v:1, k:ed@subset_sum, mode:EDIT
2026-05-23 17:38:45, MOVE, v:1, k:ed@wordsearch, mode:EDIT
2026-05-23 17:39:42, MOVE, v:1, k:ed@baruel, mode:EDIT
2026-05-23 17:39:42, MOVE, v:1, k:ed@apagando, mode:EDIT
2026-05-23 17:39:42, MOVE, v:1, k:sandbox@user_001, mode:EDIT
2026-05-23 17:39:42, MOVE, v:1, k:ed@casais, mode:EDIT
2026-05-23 17:39:42, MOVE, v:1, k:sandbox@user_002, mode:EDIT
2026-05-23 17:39:42, MOVE, v:1, k:ed@editorint, mode:EDIT
2026-05-23 17:39:42, MOVE, v:1, k:ed@fuga, mode:EDIT
2026-05-23 17:39:42, MOVE, v:1, k:ed@eh_primo, mode:EDIT
2026-05-23 17:39:42, MOVE, v:1, k:ed@fractais_png, mode:EDIT
2026-05-23 17:39:42, MOVE, v:1, k:ed@especiais, mode:EDIT
2026-05-23 17:39:42, MOVE, v:1, k:ed@fib1, mode:EDIT
2026-05-23 17:39:42, MOVE, v:1, k:ed@editor, mode:EDIT
2026-05-23 17:39:42, MOVE, v:1, k:ed@editor, mode:EDIT
2026-05-23 17:39:42, MOVE, v:1, k:ed@editor, mode:EDIT
2026-05-23 17:39:42, MOVE, v:1, k:ed@gomos, mode:EDIT
2026-05-23 17:39:42, MOVE, v:1, k:ed@labirinto, mode:EDIT
2026-05-23 17:39:42, MOVE, v:1, k:ed@lista_d1, mode:EDIT
2026-05-23 17:39:42, MOVE, v:1, k:ed@lista_d4, mode:EDIT
2026-05-23 17:39:42, MOVE, v:1, k:ed@lista_d2, mode:EDIT
2026-05-23 17:39:42, MOVE, v:1, k:ed@lista_d2, mode:EDIT
2026-05-23 17:39:42, MOVE, v:1, k:ed@mumia, mode:EDIT
2026-05-23 17:39:42, MOVE, v:1, k:ed@prin_list1, mode:EDIT
2026-05-23 17:39:42, MOVE, v:1, k:ed@manipulacao, mode:EDIT
2026-05-23 17:39:42, MOVE, v:1, k:ed@princesa, mode:EDIT
2026-05-23 17:39:42, MOVE, v:1, k:ed@magicsearch, mode:EDIT
2026-05-23 17:39:42, MOVE, v:1, k:ed@mdc, mode:EDIT
2026-05-23 17:39:42, MOVE, v:1, k:ed@prin_list1, mode:EDIT
2026-05-23 17:39:42, MOVE, v:1, k:ed@pintando, mode:EDIT
2026-05-23 17:39:42, MOVE, v:1, k:ed@pedra, mode:EDIT
2026-05-23 17:39:42, MOVE, v:1, k:ed@queimada, mode:EDIT
2026-05-23 17:39:42, MOVE, v:1, k:ed@resto, mode:EDIT
2026-05-23 17:39:42, MOVE, v:1, k:ed@triangulo, mode:EDIT
2026-05-23 17:39:42, MOVE, v:1, k:ed@treinando, mode:EDIT
2026-05-23 17:39:42, MOVE, v:1, k:ed@quadrado, mode:EDIT
2026-05-23 17:39:42, MOVE, v:1, k:ed@setbuild, mode:EDIT
2026-05-23 17:39:42, MOVE, v:1, k:ed@wordsearch, mode:EDIT
2026-05-23 17:39:42, MOVE, v:1, k:ed@vetequals, mode:EDIT
2026-05-23 17:39:42, MOVE, v:1, k:ed@vetbuild, mode:EDIT
2026-05-23 17:41:15, MOVE, v:1, k:ed@subset_sum, mode:EDIT
2026-05-23 17:42:21, EXEC, v:1, k:ed@subset_sum, mode:FULL, rate:100, size:50
